2024-10-20 08:05:51.523 [info] Log level: Info
2024-10-20 08:05:51.523 [info] Validating found git in: "git"
2024-10-20 08:05:51.523 [info] Using git "2.43.0" from "git"
2024-10-20 08:05:51.523 [info] > git rev-parse --show-toplevel [344ms]
2024-10-20 08:05:51.523 [info] > git rev-parse --git-dir --git-common-dir [3377ms]
2024-10-20 08:05:51.523 [info] Open repository: /home/mehmet_cengiz_etl
2024-10-20 08:05:51.523 [info] > git rev-parse --show-toplevel [47ms]
2024-10-20 08:05:51.523 [info] > git config --get commit.template [68ms]
2024-10-20 08:05:51.639 [info] > git for-each-ref --format=%(refname)%00%(upstream:short)%00%(objectname)%00%(upstream:track)%00%(upstream:remotename)%00%(upstream:remoteref) refs/heads/main refs/remotes/main [65ms]
2024-10-20 08:05:51.641 [info] > git rev-parse --show-toplevel [88ms]
2024-10-20 08:05:52.291 [info] > git rev-parse --show-toplevel [563ms]
2024-10-20 08:05:52.340 [info] > git rev-parse --show-toplevel [26ms]
2024-10-20 08:05:52.453 [info] > git status -z -uall [115ms]
2024-10-20 08:05:52.453 [info] > git check-ignore -v -z --stdin [26ms]
2024-10-20 08:05:52.455 [info] > git rev-parse --show-toplevel [67ms]
2024-10-20 08:05:52.552 [info] > git merge-base refs/heads/main refs/remotes/origin/main [58ms]
2024-10-20 08:05:52.629 [info] > git rev-list --count --left-right refs/heads/main...refs/remotes/origin/main [56ms]
2024-10-20 08:05:52.653 [info] > git config --get commit.template [102ms]
2024-10-20 08:05:52.654 [info] > git rev-parse --show-toplevel [124ms]
2024-10-20 08:05:52.678 [info] > git diff --name-status -z --diff-filter=ADMR ffff900a4bcd80c31fc18bc59a8286732f840d4c...refs/remotes/origin/main [26ms]
2024-10-20 08:05:52.736 [info] > git rev-parse --show-toplevel [59ms]
2024-10-20 08:05:52.910 [info] > git for-each-ref --format=%(refname)%00%(upstream:short)%00%(objectname)%00%(upstream:track)%00%(upstream:remotename)%00%(upstream:remoteref) refs/heads/main refs/remotes/main [175ms]
2024-10-20 08:05:53.080 [info] > git rev-parse --show-toplevel [311ms]
2024-10-20 08:05:53.385 [info] > git rev-parse --show-toplevel [180ms]
2024-10-20 08:05:53.506 [info] > git status -z -uall [124ms]
2024-10-20 08:05:53.644 [info] > git rev-parse --show-toplevel [143ms]
2024-10-20 08:05:53.911 [info] > git show --textconv :cloudbuild.yaml [204ms]
2024-10-20 08:05:53.923 [info] > git ls-files --stage -- /home/mehmet_cengiz_etl/cloudbuild.yaml [161ms]
2024-10-20 08:05:54.000 [info] > git cat-file -s cc2ceb84142b3dbc30338471bb2397f48e94b4a4 [16ms]
2024-10-20 08:06:18.303 [info] > git config --get commit.template [60ms]
2024-10-20 08:06:18.312 [info] > git for-each-ref --format=%(refname)%00%(upstream:short)%00%(objectname)%00%(upstream:track)%00%(upstream:remotename)%00%(upstream:remoteref) refs/heads/main refs/remotes/main [25ms]
2024-10-20 08:06:18.390 [info] > git status -z -uall [17ms]
2024-10-20 08:25:32.511 [info] > git config --get commit.template [26ms]
2024-10-20 08:25:32.512 [info] > git for-each-ref --format=%(refname)%00%(upstream:short)%00%(objectname)%00%(upstream:track)%00%(upstream:remotename)%00%(upstream:remoteref) refs/heads/main refs/remotes/main [4ms]
2024-10-20 08:25:32.541 [info] > git status -z -uall [6ms]
2024-10-20 08:58:20.337 [info] > git config --get commit.template [22ms]
2024-10-20 08:58:20.337 [info] > git for-each-ref --format=%(refname)%00%(upstream:short)%00%(objectname)%00%(upstream:track)%00%(upstream:remotename)%00%(upstream:remoteref) refs/heads/main refs/remotes/main [3ms]
2024-10-20 08:58:20.364 [info] > git status -z -uall [5ms]
2024-10-20 08:58:25.042 [info] > git check-ignore -v -z --stdin [4ms]
2024-10-20 08:58:25.417 [info] > git config --get commit.template [23ms]
2024-10-20 08:58:25.419 [info] > git for-each-ref --format=%(refname)%00%(upstream:short)%00%(objectname)%00%(upstream:track)%00%(upstream:remotename)%00%(upstream:remoteref) refs/heads/main refs/remotes/main [3ms]
2024-10-20 08:58:25.444 [info] > git status -z -uall [5ms]
2024-10-20 08:58:28.648 [info] > git check-ignore -v -z --stdin [2ms]
2024-10-20 08:58:36.527 [info] > git config --get commit.template [22ms]
2024-10-20 08:58:36.529 [info] > git for-each-ref --format=%(refname)%00%(upstream:short)%00%(objectname)%00%(upstream:track)%00%(upstream:remotename)%00%(upstream:remoteref) refs/heads/main refs/remotes/main [3ms]
2024-10-20 08:58:36.556 [info] > git status -z -uall [5ms]
2024-10-20 08:58:37.967 [info] > git show --textconv :etl_airflow/tests/test_dag_import.py [34ms]
2024-10-20 08:58:37.972 [info] > git ls-files --stage -- /home/mehmet_cengiz_etl/etl_airflow/tests/test_dag_import.py [8ms]
2024-10-20 08:58:38.005 [info] > git cat-file -s e69de29bb2d1d6434b8b29ae775ad8c2e48c5391 [5ms]
2024-10-20 08:58:41.613 [info] > git config --get commit.template [23ms]
2024-10-20 08:58:41.614 [info] > git for-each-ref --format=%(refname)%00%(upstream:short)%00%(objectname)%00%(upstream:track)%00%(upstream:remotename)%00%(upstream:remoteref) refs/heads/main refs/remotes/main [2ms]
2024-10-20 08:58:41.641 [info] > git status -z -uall [5ms]
2024-10-20 08:58:45.004 [info] > git show --textconv :etl_airflow/tests/test_dag_structure.py [23ms]
2024-10-20 08:58:45.006 [info] > git ls-files --stage -- /home/mehmet_cengiz_etl/etl_airflow/tests/test_dag_structure.py [5ms]
2024-10-20 08:58:45.196 [info] > git check-ignore -v -z --stdin [3ms]
2024-10-20 08:58:51.274 [info] > git config --get commit.template [24ms]
2024-10-20 08:58:51.275 [info] > git for-each-ref --format=%(refname)%00%(upstream:short)%00%(objectname)%00%(upstream:track)%00%(upstream:remotename)%00%(upstream:remoteref) refs/heads/main refs/remotes/main [3ms]
2024-10-20 08:58:51.302 [info] > git status -z -uall [6ms]
2024-10-20 08:58:52.642 [info] > git show --textconv :etl_airflow/tests/test_dbt_models.py [23ms]
2024-10-20 08:58:52.644 [info] > git ls-files --stage -- /home/mehmet_cengiz_etl/etl_airflow/tests/test_dbt_models.py [4ms]
2024-10-20 08:58:52.667 [info] > git cat-file -s e69de29bb2d1d6434b8b29ae775ad8c2e48c5391 [3ms]
2024-10-20 08:58:56.358 [info] > git config --get commit.template [25ms]
2024-10-20 08:58:56.359 [info] > git for-each-ref --format=%(refname)%00%(upstream:short)%00%(objectname)%00%(upstream:track)%00%(upstream:remotename)%00%(upstream:remoteref) refs/heads/main refs/remotes/main [2ms]
2024-10-20 08:58:56.385 [info] > git status -z -uall [5ms]
2024-10-20 08:59:00.444 [info] > git show --textconv :etl_airflow/tests/test_task_functions.py [26ms]
2024-10-20 08:59:00.447 [info] > git ls-files --stage -- /home/mehmet_cengiz_etl/etl_airflow/tests/test_task_functions.py [7ms]
2024-10-20 08:59:00.626 [info] > git check-ignore -v -z --stdin [3ms]
2024-10-20 08:59:01.435 [info] > git config --get commit.template [22ms]
2024-10-20 08:59:01.437 [info] > git for-each-ref --format=%(refname)%00%(upstream:short)%00%(objectname)%00%(upstream:track)%00%(upstream:remotename)%00%(upstream:remoteref) refs/heads/main refs/remotes/main [2ms]
2024-10-20 08:59:01.462 [info] > git status -z -uall [5ms]
2024-10-20 08:59:06.513 [info] > git config --get commit.template [23ms]
2024-10-20 08:59:06.514 [info] > git for-each-ref --format=%(refname)%00%(upstream:short)%00%(objectname)%00%(upstream:track)%00%(upstream:remotename)%00%(upstream:remoteref) refs/heads/main refs/remotes/main [3ms]
2024-10-20 08:59:06.541 [info] > git status -z -uall [5ms]
2024-10-20 08:59:07.790 [info] > git show --textconv :etl_airflow/tests/test_dag_structure.py [25ms]
2024-10-20 08:59:07.792 [info] > git ls-files --stage -- /home/mehmet_cengiz_etl/etl_airflow/tests/test_dag_structure.py [6ms]
2024-10-20 08:59:18.006 [info] > git config --get commit.template [3ms]
2024-10-20 08:59:18.030 [info] > git for-each-ref --format=%(refname)%00%(upstream:short)%00%(objectname)%00%(upstream:track)%00%(upstream:remotename)%00%(upstream:remoteref) refs/heads/main refs/remotes/main [2ms]
2024-10-20 08:59:18.057 [info] > git status -z -uall [5ms]
2024-10-20 08:59:19.410 [info] > git show --textconv :etl_airflow/tests/test_task_functions.py [23ms]
2024-10-20 08:59:19.412 [info] > git ls-files --stage -- /home/mehmet_cengiz_etl/etl_airflow/tests/test_task_functions.py [4ms]
2024-10-20 08:59:23.129 [info] > git config --get commit.template [33ms]
2024-10-20 08:59:23.134 [info] > git for-each-ref --format=%(refname)%00%(upstream:short)%00%(objectname)%00%(upstream:track)%00%(upstream:remotename)%00%(upstream:remoteref) refs/heads/main refs/remotes/main [6ms]
2024-10-20 08:59:23.174 [info] > git status -z -uall [9ms]
2024-10-20 09:00:04.795 [info] > git config --get commit.template [27ms]
2024-10-20 09:00:04.795 [info] > git for-each-ref --format=%(refname)%00%(upstream:short)%00%(objectname)%00%(upstream:track)%00%(upstream:remotename)%00%(upstream:remoteref) refs/heads/main refs/remotes/main [4ms]
2024-10-20 09:00:04.822 [info] > git status -z -uall [5ms]
2024-10-20 09:00:09.880 [info] > git config --get commit.template [22ms]
2024-10-20 09:00:09.881 [info] > git for-each-ref --format=%(refname)%00%(upstream:short)%00%(objectname)%00%(upstream:track)%00%(upstream:remotename)%00%(upstream:remoteref) refs/heads/main refs/remotes/main [3ms]
2024-10-20 09:00:09.908 [info] > git status -z -uall [5ms]
2024-10-20 09:02:18.403 [info] > git config --get commit.template [23ms]
2024-10-20 09:02:18.404 [info] > git for-each-ref --format=%(refname)%00%(upstream:short)%00%(objectname)%00%(upstream:track)%00%(upstream:remotename)%00%(upstream:remoteref) refs/heads/main refs/remotes/main [3ms]
2024-10-20 09:02:18.430 [info] > git status -z -uall [5ms]
2024-10-20 09:03:10.309 [info] > git config --get commit.template [23ms]
2024-10-20 09:03:10.310 [info] > git for-each-ref --format=%(refname)%00%(upstream:short)%00%(objectname)%00%(upstream:track)%00%(upstream:remotename)%00%(upstream:remoteref) refs/heads/main refs/remotes/main [3ms]
2024-10-20 09:03:10.337 [info] > git status -z -uall [5ms]
2024-10-20 09:03:17.646 [info] > git config --get commit.template [22ms]
2024-10-20 09:03:17.647 [info] > git for-each-ref --format=%(refname)%00%(upstream:short)%00%(objectname)%00%(upstream:track)%00%(upstream:remotename)%00%(upstream:remoteref) refs/heads/main refs/remotes/main [3ms]
2024-10-20 09:03:17.676 [info] > git status -z -uall [8ms]
2024-10-20 09:03:19.302 [info] > git show --textconv :etl_airflow/tests/test_dag_structure.py [24ms]
2024-10-20 09:03:19.304 [info] > git ls-files --stage -- /home/mehmet_cengiz_etl/etl_airflow/tests/test_dag_structure.py [5ms]
2024-10-20 09:03:22.730 [info] > git config --get commit.template [24ms]
2024-10-20 09:03:22.731 [info] > git for-each-ref --format=%(refname)%00%(upstream:short)%00%(objectname)%00%(upstream:track)%00%(upstream:remotename)%00%(upstream:remoteref) refs/heads/main refs/remotes/main [3ms]
2024-10-20 09:03:22.758 [info] > git status -z -uall [4ms]
2024-10-20 09:03:25.553 [info] > git show --textconv :etl_airflow/tests/test_extract_and_upload_to_gcs.py [28ms]
2024-10-20 09:03:25.556 [info] > git ls-files --stage -- /home/mehmet_cengiz_etl/etl_airflow/tests/test_extract_and_upload_to_gcs.py [9ms]
2024-10-20 09:03:25.745 [info] > git check-ignore -v -z --stdin [3ms]
2024-10-20 09:03:28.556 [info] > git config --get commit.template [23ms]
2024-10-20 09:03:28.557 [info] > git for-each-ref --format=%(refname)%00%(upstream:short)%00%(objectname)%00%(upstream:track)%00%(upstream:remotename)%00%(upstream:remoteref) refs/heads/main refs/remotes/main [3ms]
2024-10-20 09:03:28.582 [info] > git status -z -uall [5ms]
2024-10-20 09:03:33.637 [info] > git config --get commit.template [23ms]
2024-10-20 09:03:33.638 [info] > git for-each-ref --format=%(refname)%00%(upstream:short)%00%(objectname)%00%(upstream:track)%00%(upstream:remotename)%00%(upstream:remoteref) refs/heads/main refs/remotes/main [3ms]
2024-10-20 09:03:33.664 [info] > git status -z -uall [5ms]
2024-10-20 09:03:41.497 [info] > git config --get commit.template [24ms]
2024-10-20 09:03:41.498 [info] > git for-each-ref --format=%(refname)%00%(upstream:short)%00%(objectname)%00%(upstream:track)%00%(upstream:remotename)%00%(upstream:remoteref) refs/heads/main refs/remotes/main [3ms]
2024-10-20 09:03:41.523 [info] > git status -z -uall [5ms]
2024-10-20 09:03:42.684 [info] > git show --textconv :etl_airflow/tests/test_task_functions.py [26ms]
2024-10-20 09:03:42.687 [info] > git ls-files --stage -- /home/mehmet_cengiz_etl/etl_airflow/tests/test_task_functions.py [7ms]
2024-10-20 09:03:46.574 [info] > git config --get commit.template [22ms]
2024-10-20 09:03:46.575 [info] > git for-each-ref --format=%(refname)%00%(upstream:short)%00%(objectname)%00%(upstream:track)%00%(upstream:remotename)%00%(upstream:remoteref) refs/heads/main refs/remotes/main [3ms]
2024-10-20 09:03:46.601 [info] > git status -z -uall [5ms]
2024-10-20 09:03:47.812 [info] > git show --textconv :etl_airflow/tests/test_verify_row_count_after_extract.py [25ms]
2024-10-20 09:03:47.814 [info] > git ls-files --stage -- /home/mehmet_cengiz_etl/etl_airflow/tests/test_verify_row_count_after_extract.py [5ms]
2024-10-20 09:03:47.946 [info] > git check-ignore -v -z --stdin [4ms]
2024-10-20 09:03:51.654 [info] > git config --get commit.template [23ms]
2024-10-20 09:03:51.655 [info] > git for-each-ref --format=%(refname)%00%(upstream:short)%00%(objectname)%00%(upstream:track)%00%(upstream:remotename)%00%(upstream:remoteref) refs/heads/main refs/remotes/main [3ms]
2024-10-20 09:03:51.686 [info] > git status -z -uall [9ms]
2024-10-20 09:04:03.782 [info] > git config --get commit.template [23ms]
2024-10-20 09:04:03.784 [info] > git for-each-ref --format=%(refname)%00%(upstream:short)%00%(objectname)%00%(upstream:track)%00%(upstream:remotename)%00%(upstream:remoteref) refs/heads/main refs/remotes/main [2ms]
2024-10-20 09:04:03.812 [info] > git status -z -uall [7ms]
2024-10-20 09:04:08.862 [info] > git config --get commit.template [23ms]
2024-10-20 09:04:08.864 [info] > git for-each-ref --format=%(refname)%00%(upstream:short)%00%(objectname)%00%(upstream:track)%00%(upstream:remotename)%00%(upstream:remoteref) refs/heads/main refs/remotes/main [3ms]
2024-10-20 09:04:08.891 [info] > git status -z -uall [6ms]
2024-10-20 09:04:09.906 [info] > git show --textconv :etl_airflow/tests/test_create_bigquery_tables.py [25ms]
2024-10-20 09:04:09.907 [info] > git ls-files --stage -- /home/mehmet_cengiz_etl/etl_airflow/tests/test_create_bigquery_tables.py [4ms]
2024-10-20 09:04:10.046 [info] > git check-ignore -v -z --stdin [2ms]
2024-10-20 09:04:14.032 [info] > git config --get commit.template [23ms]
2024-10-20 09:04:14.033 [info] > git for-each-ref --format=%(refname)%00%(upstream:short)%00%(objectname)%00%(upstream:track)%00%(upstream:remotename)%00%(upstream:remoteref) refs/heads/main refs/remotes/main [3ms]
2024-10-20 09:04:14.060 [info] > git status -z -uall [5ms]
2024-10-20 09:05:10.446 [info] > git config --get commit.template [22ms]
2024-10-20 09:05:10.449 [info] > git for-each-ref --format=%(refname)%00%(upstream:short)%00%(objectname)%00%(upstream:track)%00%(upstream:remotename)%00%(upstream:remoteref) refs/heads/main refs/remotes/main [4ms]
2024-10-20 09:05:10.478 [info] > git status -z -uall [5ms]
2024-10-20 09:07:00.915 [info] > git config --get commit.template [26ms]
2024-10-20 09:07:00.916 [info] > git for-each-ref --format=%(refname)%00%(upstream:short)%00%(objectname)%00%(upstream:track)%00%(upstream:remotename)%00%(upstream:remoteref) refs/heads/main refs/remotes/main [5ms]
2024-10-20 09:07:00.942 [info] > git status -z -uall [5ms]
2024-10-20 09:07:58.382 [info] > git config --get commit.template [24ms]
2024-10-20 09:07:58.383 [info] > git for-each-ref --format=%(refname)%00%(upstream:short)%00%(objectname)%00%(upstream:track)%00%(upstream:remotename)%00%(upstream:remoteref) refs/heads/main refs/remotes/main [3ms]
2024-10-20 09:07:58.411 [info] > git status -z -uall [6ms]
2024-10-20 09:08:15.002 [info] > git config --get commit.template [3ms]
2024-10-20 09:08:15.026 [info] > git for-each-ref --format=%(refname)%00%(upstream:short)%00%(objectname)%00%(upstream:track)%00%(upstream:remotename)%00%(upstream:remoteref) refs/heads/main refs/remotes/main [2ms]
2024-10-20 09:08:15.079 [info] > git status -z -uall [33ms]
2024-10-20 09:08:15.090 [info] > git ls-files --stage -- /home/mehmet_cengiz_etl/etl_airflow/tests/test_create_bigquery_tables.py [12ms]
2024-10-20 09:08:15.113 [info] > git cat-file -s 2412c29e3991d81bdc0583a2dc76150a069040b0 [3ms]
2024-10-20 09:08:15.257 [info] > git show --textconv :etl_airflow/tests/test_create_bigquery_tables.py [6ms]
2024-10-20 09:08:21.700 [info] > git config --get commit.template [24ms]
2024-10-20 09:08:21.701 [info] > git for-each-ref --format=%(refname)%00%(upstream:short)%00%(objectname)%00%(upstream:track)%00%(upstream:remotename)%00%(upstream:remoteref) refs/heads/main refs/remotes/main [3ms]
2024-10-20 09:08:21.729 [info] > git status -z -uall [7ms]
2024-10-20 09:08:28.199 [info] > git config --get commit.template [4ms]
2024-10-20 09:08:28.226 [info] > git for-each-ref --format=%(refname)%00%(upstream:short)%00%(objectname)%00%(upstream:track)%00%(upstream:remotename)%00%(upstream:remoteref) refs/heads/main refs/remotes/main [4ms]
2024-10-20 09:08:28.257 [info] > git status -z -uall [7ms]
2024-10-20 09:10:26.760 [info] > git config --get commit.template [47ms]
2024-10-20 09:10:26.762 [info] > git for-each-ref --format=%(refname)%00%(upstream:short)%00%(objectname)%00%(upstream:track)%00%(upstream:remotename)%00%(upstream:remoteref) refs/heads/main refs/remotes/main [27ms]
2024-10-20 09:10:26.763 [info] > git ls-files --stage -- /home/mehmet_cengiz_etl/etl_airflow/tests/test_create_bigquery_tables.py [4ms]
2024-10-20 09:10:26.808 [info] > git cat-file -s 2412c29e3991d81bdc0583a2dc76150a069040b0 [24ms]
2024-10-20 09:10:26.812 [info] > git status -z -uall [6ms]
2024-10-20 09:10:26.869 [info] > git merge-base refs/heads/main refs/remotes/origin/main [32ms]
2024-10-20 09:10:26.893 [info] > git show --textconv :etl_airflow/tests/test_create_bigquery_tables.py [26ms]
2024-10-20 09:10:26.895 [info] > git rev-list --count --left-right refs/heads/main...refs/remotes/origin/main [5ms]
2024-10-20 09:10:26.920 [info] > git diff --name-status -z --diff-filter=ADMR ffff900a4bcd80c31fc18bc59a8286732f840d4c...refs/remotes/origin/main [3ms]
2024-10-20 09:11:05.599 [info] > git config --get commit.template [23ms]
2024-10-20 09:11:05.601 [info] > git for-each-ref --format=%(refname)%00%(upstream:short)%00%(objectname)%00%(upstream:track)%00%(upstream:remotename)%00%(upstream:remoteref) refs/heads/main refs/remotes/main [4ms]
2024-10-20 09:11:05.627 [info] > git status -z -uall [5ms]
2024-10-20 09:11:10.679 [info] > git config --get commit.template [25ms]
2024-10-20 09:11:10.682 [info] > git for-each-ref --format=%(refname)%00%(upstream:short)%00%(objectname)%00%(upstream:track)%00%(upstream:remotename)%00%(upstream:remoteref) refs/heads/main refs/remotes/main [5ms]
2024-10-20 09:11:10.709 [info] > git status -z -uall [5ms]
2024-10-20 09:11:15.760 [info] > git config --get commit.template [23ms]
2024-10-20 09:11:15.763 [info] > git for-each-ref --format=%(refname)%00%(upstream:short)%00%(objectname)%00%(upstream:track)%00%(upstream:remotename)%00%(upstream:remoteref) refs/heads/main refs/remotes/main [5ms]
2024-10-20 09:11:15.790 [info] > git status -z -uall [5ms]
2024-10-20 09:11:20.840 [info] > git config --get commit.template [24ms]
2024-10-20 09:11:20.841 [info] > git for-each-ref --format=%(refname)%00%(upstream:short)%00%(objectname)%00%(upstream:track)%00%(upstream:remotename)%00%(upstream:remoteref) refs/heads/main refs/remotes/main [3ms]
2024-10-20 09:11:20.868 [info] > git status -z -uall [5ms]
2024-10-20 09:11:25.916 [info] > git config --get commit.template [24ms]
2024-10-20 09:11:25.918 [info] > git for-each-ref --format=%(refname)%00%(upstream:short)%00%(objectname)%00%(upstream:track)%00%(upstream:remotename)%00%(upstream:remoteref) refs/heads/main refs/remotes/main [3ms]
2024-10-20 09:11:25.944 [info] > git status -z -uall [5ms]
2024-10-20 09:12:21.880 [info] > git config --get commit.template [24ms]
2024-10-20 09:12:21.880 [info] > git for-each-ref --format=%(refname)%00%(upstream:short)%00%(objectname)%00%(upstream:track)%00%(upstream:remotename)%00%(upstream:remoteref) refs/heads/main refs/remotes/main [4ms]
2024-10-20 09:12:21.906 [info] > git status -z -uall [5ms]
