2024-10-20 05:06:08.017 [info] Log level: Info
2024-10-20 05:06:08.018 [info] Validating found git in: "git"
2024-10-20 05:06:08.018 [info] Using git "2.43.0" from "git"
2024-10-20 05:06:08.018 [info] > git rev-parse --show-toplevel [17ms]
2024-10-20 05:06:08.018 [info] > git rev-parse --git-dir --git-common-dir [2ms]
2024-10-20 05:06:08.018 [info] Open repository: /home/mehmet_cengiz_etl
2024-10-20 05:06:08.019 [info] > git config --get commit.template [15ms]
2024-10-20 05:06:08.019 [info] > git rev-parse --show-toplevel [7ms]
2024-10-20 05:06:08.019 [info] > git for-each-ref --format=%(refname)%00%(upstream:short)%00%(objectname)%00%(upstream:track)%00%(upstream:remotename)%00%(upstream:remoteref) refs/heads/main refs/remotes/main [73ms]
2024-10-20 05:06:08.020 [info] > git rev-parse --show-toplevel [10ms]
2024-10-20 05:06:08.020 [info] > git rev-parse --show-toplevel [14ms]
2024-10-20 05:06:08.020 [info] > git status -z -uall [186ms]
2024-10-20 05:06:08.020 [info] > git rev-parse --show-toplevel [221ms]
2024-10-20 05:06:08.020 [info] > git merge-base refs/heads/main refs/remotes/origin/main [146ms]
2024-10-20 05:06:08.021 [info] > git rev-list --count --left-right refs/heads/main...refs/remotes/origin/main [596ms]
2024-10-20 05:06:08.021 [info] > git rev-parse --show-toplevel [635ms]
2024-10-20 05:06:08.021 [info] > git config --get commit.template [651ms]
2024-10-20 05:06:08.021 [info] > git check-ignore -v -z --stdin [48ms]
2024-10-20 05:06:08.021 [info] > git diff --name-status -z --diff-filter=ADMR ffff900a4bcd80c31fc18bc59a8286732f840d4c...refs/remotes/origin/main [84ms]
2024-10-20 05:06:08.022 [info] > git rev-parse --show-toplevel [102ms]
2024-10-20 05:06:08.022 [info] > git for-each-ref --format=%(refname)%00%(upstream:short)%00%(objectname)%00%(upstream:track)%00%(upstream:remotename)%00%(upstream:remoteref) refs/heads/main refs/remotes/main [82ms]
2024-10-20 05:06:08.026 [info] > git rev-parse --show-toplevel [25ms]
2024-10-20 05:06:08.064 [info] > git rev-parse --show-toplevel [22ms]
2024-10-20 05:06:13.505 [info] > git status -z -uall [5444ms]
2024-10-20 05:06:13.807 [info] > git rev-parse --show-toplevel [5658ms]
2024-10-20 05:06:13.923 [info] > git show --textconv :cloudbuild.yaml [79ms]
2024-10-20 05:06:13.923 [info] > git ls-files --stage -- /home/mehmet_cengiz_etl/cloudbuild.yaml [46ms]
2024-10-20 05:06:14.362 [info] > git cat-file -s cc2ceb84142b3dbc30338471bb2397f48e94b4a4 [383ms]
2024-10-20 05:06:15.188 [info] > git show --textconv :access_account.json [64ms]
2024-10-20 05:06:15.208 [info] > git ls-files --stage -- /home/mehmet_cengiz_etl/access_account.json [24ms]
2024-10-20 05:06:23.593 [info] > git config --get commit.template [414ms]
2024-10-20 05:06:23.846 [info] > git for-each-ref --format=%(refname)%00%(upstream:short)%00%(objectname)%00%(upstream:track)%00%(upstream:remotename)%00%(upstream:remoteref) refs/heads/main refs/remotes/main [101ms]
2024-10-20 05:06:24.302 [info] > git status -z -uall [81ms]
2024-10-20 05:06:36.082 [info] > git config --get commit.template [7ms]
2024-10-20 05:06:36.119 [info] > git for-each-ref --format=%(refname)%00%(upstream:short)%00%(objectname)%00%(upstream:track)%00%(upstream:remotename)%00%(upstream:remoteref) refs/heads/main refs/remotes/main [5ms]
2024-10-20 05:06:36.169 [info] > git status -z -uall [7ms]
2024-10-20 05:06:43.957 [info] > git check-ignore -v -z --stdin [15ms]
2024-10-20 05:07:01.663 [info] > git check-ignore -v -z --stdin [3ms]
2024-10-20 05:07:45.120 [info] > git config --get commit.template [24ms]
2024-10-20 05:07:45.121 [info] > git for-each-ref --format=%(refname)%00%(upstream:short)%00%(objectname)%00%(upstream:track)%00%(upstream:remotename)%00%(upstream:remoteref) refs/heads/main refs/remotes/main [4ms]
2024-10-20 05:07:45.148 [info] > git status -z -uall [4ms]
2024-10-20 05:09:17.868 [info] > git config --get commit.template [23ms]
2024-10-20 05:09:17.869 [info] > git for-each-ref --format=%(refname)%00%(upstream:short)%00%(objectname)%00%(upstream:track)%00%(upstream:remotename)%00%(upstream:remoteref) refs/heads/main refs/remotes/main [3ms]
2024-10-20 05:09:17.893 [info] > git status -z -uall [5ms]
2024-10-20 05:09:28.659 [info] > git check-ignore -v -z --stdin [2ms]
2024-10-20 05:12:12.976 [info] > git config --get commit.template [21ms]
2024-10-20 05:12:12.977 [info] > git for-each-ref --format=%(refname)%00%(upstream:short)%00%(objectname)%00%(upstream:track)%00%(upstream:remotename)%00%(upstream:remoteref) refs/heads/main refs/remotes/main [3ms]
2024-10-20 05:12:13.004 [info] > git status -z -uall [4ms]
2024-10-20 05:12:58.919 [info] > git config --get commit.template [29ms]
2024-10-20 05:12:58.920 [info] > git for-each-ref --format=%(refname)%00%(upstream:short)%00%(objectname)%00%(upstream:track)%00%(upstream:remotename)%00%(upstream:remoteref) refs/heads/main refs/remotes/main [4ms]
2024-10-20 05:12:58.951 [info] > git status -z -uall [5ms]
2024-10-20 05:13:04.176 [info] > git config --get commit.template [23ms]
2024-10-20 05:13:04.177 [info] > git for-each-ref --format=%(refname)%00%(upstream:short)%00%(objectname)%00%(upstream:track)%00%(upstream:remotename)%00%(upstream:remoteref) refs/heads/main refs/remotes/main [3ms]
2024-10-20 05:13:04.202 [info] > git status -z -uall [5ms]
2024-10-20 05:13:36.101 [info] > git config --get commit.template [24ms]
2024-10-20 05:13:36.102 [info] > git for-each-ref --format=%(refname)%00%(upstream:short)%00%(objectname)%00%(upstream:track)%00%(upstream:remotename)%00%(upstream:remoteref) refs/heads/main refs/remotes/main [3ms]
2024-10-20 05:13:36.126 [info] > git status -z -uall [4ms]
2024-10-20 05:14:32.620 [info] > git config --get commit.template [23ms]
2024-10-20 05:14:32.621 [info] > git for-each-ref --format=%(refname)%00%(upstream:short)%00%(objectname)%00%(upstream:track)%00%(upstream:remotename)%00%(upstream:remoteref) refs/heads/main refs/remotes/main [3ms]
2024-10-20 05:14:32.646 [info] > git status -z -uall [4ms]
2024-10-20 05:16:41.784 [info] > git config --get commit.template [22ms]
2024-10-20 05:16:41.785 [info] > git for-each-ref --format=%(refname)%00%(upstream:short)%00%(objectname)%00%(upstream:track)%00%(upstream:remotename)%00%(upstream:remoteref) refs/heads/main refs/remotes/main [2ms]
2024-10-20 05:16:41.811 [info] > git status -z -uall [5ms]
2024-10-20 05:19:23.693 [info] > git config --get commit.template [22ms]
2024-10-20 05:19:23.694 [info] > git for-each-ref --format=%(refname)%00%(upstream:short)%00%(objectname)%00%(upstream:track)%00%(upstream:remotename)%00%(upstream:remoteref) refs/heads/main refs/remotes/main [3ms]
2024-10-20 05:19:23.719 [info] > git status -z -uall [5ms]
2024-10-20 05:25:40.395 [info] > git config --get commit.template [23ms]
2024-10-20 05:25:40.396 [info] > git for-each-ref --format=%(refname)%00%(upstream:short)%00%(objectname)%00%(upstream:track)%00%(upstream:remotename)%00%(upstream:remoteref) refs/heads/main refs/remotes/main [3ms]
2024-10-20 05:25:40.420 [info] > git status -z -uall [4ms]
2024-10-20 05:27:44.286 [info] > git config --get commit.template [24ms]
2024-10-20 05:27:44.286 [info] > git for-each-ref --format=%(refname)%00%(upstream:short)%00%(objectname)%00%(upstream:track)%00%(upstream:remotename)%00%(upstream:remoteref) refs/heads/main refs/remotes/main [3ms]
2024-10-20 05:27:44.311 [info] > git status -z -uall [4ms]
2024-10-20 05:27:49.361 [info] > git config --get commit.template [23ms]
2024-10-20 05:27:49.362 [info] > git for-each-ref --format=%(refname)%00%(upstream:short)%00%(objectname)%00%(upstream:track)%00%(upstream:remotename)%00%(upstream:remoteref) refs/heads/main refs/remotes/main [3ms]
2024-10-20 05:27:49.389 [info] > git status -z -uall [4ms]
2024-10-20 05:28:17.882 [info] > git config --get commit.template [23ms]
2024-10-20 05:28:17.883 [info] > git for-each-ref --format=%(refname)%00%(upstream:short)%00%(objectname)%00%(upstream:track)%00%(upstream:remotename)%00%(upstream:remoteref) refs/heads/main refs/remotes/main [4ms]
2024-10-20 05:28:17.908 [info] > git status -z -uall [5ms]
2024-10-20 05:34:32.621 [info] > git check-ignore -v -z --stdin [2ms]
2024-10-20 05:35:43.844 [info] > git config --get commit.template [22ms]
2024-10-20 05:35:43.845 [info] > git for-each-ref --format=%(refname)%00%(upstream:short)%00%(objectname)%00%(upstream:track)%00%(upstream:remotename)%00%(upstream:remoteref) refs/heads/main refs/remotes/main [3ms]
2024-10-20 05:35:43.870 [info] > git status -z -uall [4ms]
2024-10-20 05:43:33.527 [info] > git config --get commit.template [25ms]
2024-10-20 05:43:33.528 [info] > git for-each-ref --format=%(refname)%00%(upstream:short)%00%(objectname)%00%(upstream:track)%00%(upstream:remotename)%00%(upstream:remoteref) refs/heads/main refs/remotes/main [3ms]
2024-10-20 05:43:33.552 [info] > git status -z -uall [4ms]
2024-10-20 05:46:37.579 [info] > git config --get commit.template [23ms]
2024-10-20 05:46:37.580 [info] > git for-each-ref --format=%(refname)%00%(upstream:short)%00%(objectname)%00%(upstream:track)%00%(upstream:remotename)%00%(upstream:remoteref) refs/heads/main refs/remotes/main [3ms]
2024-10-20 05:46:37.604 [info] > git status -z -uall [4ms]
