2024-10-20 06:47:34.982 [info] Extension host with pid 2555 started
2024-10-20 06:47:34.982 [error] Error: EEXIST: file already exists, open '/home/mehmet_cengiz_etl/.codeoss/data/User/workspaceStorage/a748d06/vscode.lock'
2024-10-20 06:47:35.012 [info] Lock '/home/mehmet_cengiz_etl/.codeoss/data/User/workspaceStorage/a748d06/vscode.lock': Could not acquire lock, checking if the file is stale.
2024-10-20 06:47:35.053 [info] Lock '/home/mehmet_cengiz_etl/.codeoss/data/User/workspaceStorage/a748d06/vscode.lock': The pid 4235 appears to be gone.
2024-10-20 06:47:35.053 [info] Lock '/home/mehmet_cengiz_etl/.codeoss/data/User/workspaceStorage/a748d06/vscode.lock': Deleting a stale lock.
2024-10-20 06:47:35.178 [info] ExtensionService#_doActivateExtension vscode.emmet, startup: false, activationEvent: 'onLanguage'
2024-10-20 06:47:35.181 [info] ExtensionService#_doActivateExtension vscode.extension-editing, startup: false, activationEvent: 'onLanguage:json'
2024-10-20 06:47:35.181 [info] ExtensionService#_doActivateExtension vscode.json-language-features, startup: false, activationEvent: 'onLanguage:json'
2024-10-20 06:47:35.182 [info] ExtensionService#_doActivateExtension vscode.npm, startup: false, activationEvent: 'onLanguage:json'
2024-10-20 06:47:35.547 [info] Lock '/home/mehmet_cengiz_etl/.codeoss/data/User/workspaceStorage/a748d06/vscode.lock': Lock acquired.
2024-10-20 06:47:36.187 [info] ExtensionService#_doActivateExtension vscode.git-base, startup: true, activationEvent: '*', root cause: vscode.git
2024-10-20 06:47:36.252 [info] ExtensionService#_doActivateExtension ms-python.python, startup: true, activationEvent: 'workspaceContains:requirements.txt'
2024-10-20 06:47:36.725 [info] ExtensionService#_doActivateExtension vscode.git, startup: true, activationEvent: '*'
2024-10-20 06:47:36.725 [info] ExtensionService#_doActivateExtension vscode.github, startup: true, activationEvent: '*'
2024-10-20 06:47:37.627 [info] ExtensionService#_doActivateExtension redhat.fabric8-analytics, startup: true, activationEvent: 'workspaceContains:**/package.json,**/pom.xml,**/go.mod,**/requirements.txt'
2024-10-20 06:47:38.177 [info] Eager extensions activated
2024-10-20 06:47:38.178 [info] ExtensionService#_doActivateExtension EditorConfig.EditorConfig, startup: false, activationEvent: 'onStartupFinished'
2024-10-20 06:47:38.179 [info] ExtensionService#_doActivateExtension google.cloud-shell, startup: false, activationEvent: 'onStartupFinished'
2024-10-20 06:47:38.182 [info] ExtensionService#_doActivateExtension googlecloudtools.cloudcode, startup: false, activationEvent: 'onStartupFinished'
2024-10-20 06:47:38.183 [info] ExtensionService#_doActivateExtension vscode.debug-auto-launch, startup: false, activationEvent: 'onStartupFinished'
2024-10-20 06:47:38.184 [info] ExtensionService#_doActivateExtension vscode.merge-conflict, startup: false, activationEvent: 'onStartupFinished'
2024-10-20 06:47:43.543 [info] ExtensionService#_doActivateExtension vscode.github-authentication, startup: false, activationEvent: 'onAuthenticationRequest:github'
2024-10-20 06:47:44.236 [info] ExtensionService#_doActivateExtension vscode.typescript-language-features, startup: false, activationEvent: 'onLanguage:jsonc'
