2024-10-20 15:01:53.350 [info] Log level: Info
2024-10-20 15:01:53.350 [info] Validating found git in: "git"
2024-10-20 15:01:53.350 [info] Using git "2.43.0" from "git"
2024-10-20 15:01:53.350 [info] > git rev-parse --show-toplevel [2779ms]
2024-10-20 15:01:53.350 [info] > git rev-parse --git-dir --git-common-dir [8ms]
2024-10-20 15:01:53.350 [info] Open repository: /home/mehmet_cengiz_etl
2024-10-20 15:01:53.432 [info] > git rev-parse --show-toplevel [42ms]
2024-10-20 15:01:53.433 [info] > git config --get commit.template [62ms]
2024-10-20 15:01:53.685 [info] > git rev-parse --show-toplevel [206ms]
2024-10-20 15:01:53.735 [info] > git for-each-ref --format=%(refname)%00%(upstream:short)%00%(objectname)%00%(upstream:track)%00%(upstream:remotename)%00%(upstream:remoteref) refs/heads/main refs/remotes/main [57ms]
2024-10-20 15:01:53.805 [info] > git rev-parse --show-toplevel [92ms]
2024-10-20 15:01:53.865 [info] > git rev-parse --show-toplevel [38ms]
2024-10-20 15:01:53.941 [info] > git status -z -uall [179ms]
2024-10-20 15:01:54.042 [info] > git rev-parse --show-toplevel [149ms]
2024-10-20 15:01:54.146 [info] > git check-ignore -v -z --stdin [70ms]
2024-10-20 15:01:54.154 [info] > git config --get commit.template [112ms]
2024-10-20 15:01:54.297 [info] > git rev-parse --show-toplevel [160ms]
2024-10-20 15:01:54.368 [info] > git for-each-ref --format=%(refname)%00%(upstream:short)%00%(objectname)%00%(upstream:track)%00%(upstream:remotename)%00%(upstream:remoteref) refs/heads/main refs/remotes/main [40ms]
2024-10-20 15:01:54.398 [info] > git rev-parse --show-toplevel [37ms]
2024-10-20 15:01:54.438 [info] > git status -z -uall [42ms]
2024-10-20 15:01:54.447 [info] > git rev-parse --show-toplevel [12ms]
2024-10-20 15:01:54.486 [info] > git rev-parse --show-toplevel [6ms]
2024-10-20 15:01:54.522 [info] > git rev-parse --show-toplevel [9ms]
2024-10-20 15:01:54.627 [info] > git rev-parse --show-toplevel [57ms]
2024-10-20 15:01:54.678 [info] > git rev-parse --show-toplevel [4ms]
2024-10-20 15:01:54.715 [info] > git rev-parse --show-toplevel [4ms]
2024-10-20 15:01:54.765 [info] > git rev-parse --git-dir --git-common-dir [6ms]
2024-10-20 15:01:54.772 [info] Open repository: /home/mehmet_cengiz_etl/new_repo
2024-10-20 15:01:54.867 [info] > git show --textconv :cloudbuild.yaml [62ms]
2024-10-20 15:01:54.870 [info] > git ls-files --stage -- /home/mehmet_cengiz_etl/cloudbuild.yaml [37ms]
2024-10-20 15:01:54.904 [info] > git config --get commit.template [39ms]
2024-10-20 15:01:54.935 [info] No remotes found in the git config file.
2024-10-20 15:01:54.936 [info] > git cat-file -s d2d00be0dd70c43d6d59afea16d0ceb45d861f96 [38ms]
2024-10-20 15:01:54.938 [info] > git for-each-ref --format=%(refname)%00%(upstream:short)%00%(objectname)%00%(upstream:track)%00%(upstream:remotename)%00%(upstream:remoteref) refs/heads/main refs/remotes/main [4ms]
2024-10-20 15:01:54.968 [info] > git status -z -uall [4ms]
2024-10-20 15:01:55.009 [info] > git config --get commit.template [6ms]
2024-10-20 15:01:55.036 [info] No remotes found in the git config file.
2024-10-20 15:01:55.041 [info] > git for-each-ref --format=%(refname)%00%(upstream:short)%00%(objectname)%00%(upstream:track)%00%(upstream:remotename)%00%(upstream:remoteref) refs/heads/main refs/remotes/main [5ms]
2024-10-20 15:01:55.077 [info] > git status -z -uall [7ms]
2024-10-20 15:01:55.500 [info] > git check-ignore -v -z --stdin [37ms]
2024-10-20 15:01:55.506 [info] > git check-ignore -v -z --stdin [11ms]
2024-10-20 15:02:04.457 [info] > git config --get commit.template [21ms]
2024-10-20 15:02:04.458 [info] > git for-each-ref --format=%(refname)%00%(upstream:short)%00%(objectname)%00%(upstream:track)%00%(upstream:remotename)%00%(upstream:remoteref) refs/heads/main refs/remotes/main [2ms]
2024-10-20 15:02:04.490 [info] > git status -z -uall [11ms]
2024-10-20 15:02:09.560 [info] > git config --get commit.template [35ms]
2024-10-20 15:02:09.565 [info] > git for-each-ref --format=%(refname)%00%(upstream:short)%00%(objectname)%00%(upstream:track)%00%(upstream:remotename)%00%(upstream:remoteref) refs/heads/main refs/remotes/main [8ms]
2024-10-20 15:02:09.605 [info] > git status -z -uall [11ms]
2024-10-20 15:02:55.558 [info] > git config --get commit.template [2ms]
2024-10-20 15:02:55.577 [info] > git for-each-ref --format=%(refname)%00%(upstream:short)%00%(objectname)%00%(upstream:track)%00%(upstream:remotename)%00%(upstream:remoteref) refs/heads/main refs/remotes/main [2ms]
2024-10-20 15:02:55.606 [info] > git status -z -uall [11ms]
2024-10-20 15:04:42.669 [info] > git config --get commit.template [18ms]
2024-10-20 15:04:42.669 [info] > git for-each-ref --format=%(refname)%00%(upstream:short)%00%(objectname)%00%(upstream:track)%00%(upstream:remotename)%00%(upstream:remoteref) refs/heads/main refs/remotes/main [3ms]
2024-10-20 15:04:42.700 [info] > git status -z -uall [12ms]
2024-10-20 15:04:47.745 [info] > git config --get commit.template [19ms]
2024-10-20 15:04:47.746 [info] > git for-each-ref --format=%(refname)%00%(upstream:short)%00%(objectname)%00%(upstream:track)%00%(upstream:remotename)%00%(upstream:remoteref) refs/heads/main refs/remotes/main [2ms]
2024-10-20 15:04:47.774 [info] > git status -z -uall [11ms]
2024-10-20 15:04:55.221 [info] > git config --get commit.template [36ms]
2024-10-20 15:04:55.222 [info] > git for-each-ref --format=%(refname)%00%(upstream:short)%00%(objectname)%00%(upstream:track)%00%(upstream:remotename)%00%(upstream:remoteref) refs/heads/main refs/remotes/main [19ms]
2024-10-20 15:04:55.241 [info] > git ls-files --stage -- /home/mehmet_cengiz_etl/cloudbuild.yaml [20ms]
2024-10-20 15:04:55.261 [info] > git status -z -uall [22ms]
2024-10-20 15:04:55.267 [info] > git cat-file -s 2fa2dcdc140159bee89e5b41e67f60deb98e70e7 [7ms]
2024-10-20 15:04:55.361 [info] > git show --textconv :cloudbuild.yaml [3ms]
2024-10-20 15:05:00.535 [info] > git config --get commit.template [18ms]
2024-10-20 15:05:00.536 [info] > git for-each-ref --format=%(refname)%00%(upstream:short)%00%(objectname)%00%(upstream:track)%00%(upstream:remotename)%00%(upstream:remoteref) refs/heads/main refs/remotes/main [2ms]
2024-10-20 15:05:00.563 [info] > git status -z -uall [11ms]
2024-10-20 15:05:05.608 [info] > git config --get commit.template [19ms]
2024-10-20 15:05:05.608 [info] > git for-each-ref --format=%(refname)%00%(upstream:short)%00%(objectname)%00%(upstream:track)%00%(upstream:remotename)%00%(upstream:remoteref) refs/heads/main refs/remotes/main [2ms]
2024-10-20 15:05:05.637 [info] > git status -z -uall [11ms]
2024-10-20 15:05:29.425 [info] > git config --get commit.template [19ms]
2024-10-20 15:05:29.425 [info] > git for-each-ref --format=%(refname)%00%(upstream:short)%00%(objectname)%00%(upstream:track)%00%(upstream:remotename)%00%(upstream:remoteref) refs/heads/main refs/remotes/main [2ms]
2024-10-20 15:05:29.452 [info] > git status -z -uall [10ms]
2024-10-20 15:06:00.295 [info] > git config --get commit.template [18ms]
2024-10-20 15:06:00.296 [info] > git for-each-ref --format=%(refname)%00%(upstream:short)%00%(objectname)%00%(upstream:track)%00%(upstream:remotename)%00%(upstream:remoteref) refs/heads/main refs/remotes/main [1ms]
2024-10-20 15:06:00.336 [info] > git status -z -uall [23ms]
2024-10-20 15:06:00.346 [info] > git ls-files --stage -- /home/mehmet_cengiz_etl/cloudbuild.yaml [11ms]
2024-10-20 15:06:00.365 [info] > git cat-file -s 2fa2dcdc140159bee89e5b41e67f60deb98e70e7 [2ms]
2024-10-20 15:06:00.476 [info] > git show --textconv :cloudbuild.yaml [30ms]
2024-10-20 15:06:45.641 [info] > git config --get commit.template [2ms]
2024-10-20 15:06:45.661 [info] > git for-each-ref --format=%(refname)%00%(upstream:short)%00%(objectname)%00%(upstream:track)%00%(upstream:remotename)%00%(upstream:remoteref) refs/heads/main refs/remotes/main [2ms]
2024-10-20 15:06:45.689 [info] > git status -z -uall [10ms]
2024-10-20 15:11:04.284 [info] > git config --get commit.template [2ms]
2024-10-20 15:11:04.304 [info] > git for-each-ref --format=%(refname)%00%(upstream:short)%00%(objectname)%00%(upstream:track)%00%(upstream:remotename)%00%(upstream:remoteref) refs/heads/main refs/remotes/main [2ms]
2024-10-20 15:11:04.332 [info] > git status -z -uall [11ms]
2024-10-20 15:11:09.373 [info] > git config --get commit.template [19ms]
2024-10-20 15:11:09.374 [info] > git for-each-ref --format=%(refname)%00%(upstream:short)%00%(objectname)%00%(upstream:track)%00%(upstream:remotename)%00%(upstream:remoteref) refs/heads/main refs/remotes/main [2ms]
2024-10-20 15:11:09.402 [info] > git status -z -uall [11ms]
2024-10-20 15:11:12.077 [info] > git check-ignore -v -z --stdin [2ms]
2024-10-20 15:11:14.300 [info] > git check-ignore -v -z --stdin [2ms]
2024-10-20 15:11:14.445 [info] > git config --get commit.template [20ms]
2024-10-20 15:11:14.446 [info] > git for-each-ref --format=%(refname)%00%(upstream:short)%00%(objectname)%00%(upstream:track)%00%(upstream:remotename)%00%(upstream:remoteref) refs/heads/main refs/remotes/main [2ms]
2024-10-20 15:11:14.475 [info] > git status -z -uall [12ms]
2024-10-20 15:13:27.728 [info] > git config --get commit.template [19ms]
2024-10-20 15:13:27.729 [info] > git for-each-ref --format=%(refname)%00%(upstream:short)%00%(objectname)%00%(upstream:track)%00%(upstream:remotename)%00%(upstream:remoteref) refs/heads/main refs/remotes/main [2ms]
2024-10-20 15:13:27.757 [info] > git status -z -uall [12ms]
2024-10-20 15:13:32.802 [info] > git config --get commit.template [19ms]
2024-10-20 15:13:32.802 [info] > git for-each-ref --format=%(refname)%00%(upstream:short)%00%(objectname)%00%(upstream:track)%00%(upstream:remotename)%00%(upstream:remoteref) refs/heads/main refs/remotes/main [2ms]
2024-10-20 15:13:32.830 [info] > git status -z -uall [11ms]
2024-10-20 15:13:34.239 [info] > git check-ignore -v -z --stdin [2ms]
2024-10-20 15:13:35.379 [info] > git check-ignore -v -z --stdin [2ms]
2024-10-20 15:13:36.916 [info] > git check-ignore -v -z --stdin [2ms]
2024-10-20 15:13:37.872 [info] > git config --get commit.template [18ms]
2024-10-20 15:13:37.873 [info] > git for-each-ref --format=%(refname)%00%(upstream:short)%00%(objectname)%00%(upstream:track)%00%(upstream:remotename)%00%(upstream:remoteref) refs/heads/main refs/remotes/main [2ms]
2024-10-20 15:13:37.902 [info] > git status -z -uall [10ms]
2024-10-20 15:14:58.002 [info] > git config --get commit.template [3ms]
2024-10-20 15:14:58.022 [info] > git for-each-ref --format=%(refname)%00%(upstream:short)%00%(objectname)%00%(upstream:track)%00%(upstream:remotename)%00%(upstream:remoteref) refs/heads/main refs/remotes/main [3ms]
2024-10-20 15:14:58.050 [info] > git status -z -uall [11ms]
2024-10-20 15:15:03.092 [info] > git config --get commit.template [18ms]
2024-10-20 15:15:03.093 [info] > git for-each-ref --format=%(refname)%00%(upstream:short)%00%(objectname)%00%(upstream:track)%00%(upstream:remotename)%00%(upstream:remoteref) refs/heads/main refs/remotes/main [2ms]
2024-10-20 15:15:03.120 [info] > git status -z -uall [11ms]
2024-10-20 15:15:08.162 [info] > git config --get commit.template [18ms]
2024-10-20 15:15:08.162 [info] > git for-each-ref --format=%(refname)%00%(upstream:short)%00%(objectname)%00%(upstream:track)%00%(upstream:remotename)%00%(upstream:remoteref) refs/heads/main refs/remotes/main [2ms]
2024-10-20 15:15:08.192 [info] > git status -z -uall [10ms]
2024-10-20 15:15:13.233 [info] > git config --get commit.template [19ms]
2024-10-20 15:15:13.234 [info] > git for-each-ref --format=%(refname)%00%(upstream:short)%00%(objectname)%00%(upstream:track)%00%(upstream:remotename)%00%(upstream:remoteref) refs/heads/main refs/remotes/main [1ms]
2024-10-20 15:15:13.261 [info] > git status -z -uall [11ms]
2024-10-20 15:15:18.300 [info] > git config --get commit.template [18ms]
2024-10-20 15:15:18.301 [info] > git for-each-ref --format=%(refname)%00%(upstream:short)%00%(objectname)%00%(upstream:track)%00%(upstream:remotename)%00%(upstream:remoteref) refs/heads/main refs/remotes/main [2ms]
2024-10-20 15:15:18.329 [info] > git status -z -uall [12ms]
2024-10-20 15:15:23.354 [info] > git config --get commit.template [1ms]
2024-10-20 15:15:23.373 [info] > git for-each-ref --format=%(refname)%00%(upstream:short)%00%(objectname)%00%(upstream:track)%00%(upstream:remotename)%00%(upstream:remoteref) refs/heads/main refs/remotes/main [2ms]
2024-10-20 15:15:23.401 [info] > git status -z -uall [11ms]
2024-10-20 15:16:41.482 [info] > git config --get commit.template [19ms]
2024-10-20 15:16:41.483 [info] > git for-each-ref --format=%(refname)%00%(upstream:short)%00%(objectname)%00%(upstream:track)%00%(upstream:remotename)%00%(upstream:remoteref) refs/heads/main refs/remotes/main [2ms]
2024-10-20 15:16:41.512 [info] > git status -z -uall [10ms]
2024-10-20 15:16:43.740 [info] > git for-each-ref --format=%(refname)%00%(upstream:short)%00%(objectname)%00%(upstream:track)%00%(upstream:remotename)%00%(upstream:remoteref) refs/heads/main [19ms]
2024-10-20 15:16:43.759 [info] > git for-each-ref --format=%(refname)%00%(upstream:short)%00%(objectname)%00%(upstream:track)%00%(upstream:remotename)%00%(upstream:remoteref) refs/heads/main [19ms]
2024-10-20 15:16:43.778 [info] > git for-each-ref --format=%(refname)%00%(upstream:short)%00%(objectname)%00%(upstream:track)%00%(upstream:remotename)%00%(upstream:remoteref) refs/heads/main [20ms]
2024-10-20 15:16:43.797 [info] > git for-each-ref --format=%(refname)%00%(upstream:short)%00%(objectname)%00%(upstream:track)%00%(upstream:remotename)%00%(upstream:remoteref) refs/heads/main [21ms]
2024-10-20 15:16:43.817 [info] > git config --local branch.main.vscode-merge-base [22ms]
2024-10-20 15:16:43.818 [warning] git config failed: Failed to execute git
2024-10-20 15:16:43.836 [info] > git config --local branch.main.vscode-merge-base [20ms]
2024-10-20 15:16:43.837 [warning] git config failed: Failed to execute git
2024-10-20 15:16:43.856 [info] > git reflog refs/heads/main --grep-reflog=branch: Created from *. [3ms]
2024-10-20 15:16:43.876 [info] > git symbolic-ref --short refs/remotes/origin/HEAD [3ms]
2024-10-20 15:16:43.876 [info] fatal: ref refs/remotes/origin/HEAD is not a symbolic ref
2024-10-20 15:16:43.876 [info] GitHistoryProvider:resolveHistoryItemGroupBase - Failed to resolve history item group base for 'refs/heads/main'
2024-10-20 15:16:43.876 [info] GitHistoryProvider:resolveHistoryItemGroupCommonAncestor - Failed to resolve history item group base for 'refs/heads/main'
2024-10-20 15:16:43.898 [info] > git reflog refs/heads/main --grep-reflog=branch: Created from *. [63ms]
2024-10-20 15:16:43.918 [info] > git symbolic-ref --short refs/remotes/origin/HEAD [1ms]
2024-10-20 15:16:43.918 [info] fatal: ref refs/remotes/origin/HEAD is not a symbolic ref
2024-10-20 15:16:43.918 [info] GitHistoryProvider:resolveHistoryItemGroupBase - Failed to resolve history item group base for 'refs/heads/main'
2024-10-20 15:16:43.918 [info] GitHistoryProvider:resolveHistoryItemGroupCommonAncestor - Failed to resolve history item group base for 'refs/heads/main'
2024-10-20 15:16:44.255 [info] > git for-each-ref --format=%(refname)%00%(upstream:short)%00%(objectname)%00%(upstream:track)%00%(upstream:remotename)%00%(upstream:remoteref) refs/heads/main [21ms]
2024-10-20 15:16:44.273 [info] > git for-each-ref --format=%(refname)%00%(upstream:short)%00%(objectname)%00%(upstream:track)%00%(upstream:remotename)%00%(upstream:remoteref) refs/heads/main [60ms]
2024-10-20 15:16:44.297 [info] > git for-each-ref --format=%(refname)%00%(upstream:short)%00%(objectname)%00%(upstream:track)%00%(upstream:remotename)%00%(upstream:remoteref) refs/heads/main [25ms]
2024-10-20 15:16:44.316 [info] > git for-each-ref --format=%(refname)%00%(upstream:short)%00%(objectname)%00%(upstream:track)%00%(upstream:remotename)%00%(upstream:remoteref) refs/heads/main [22ms]
2024-10-20 15:16:44.335 [info] > git config --local branch.main.vscode-merge-base [20ms]
2024-10-20 15:16:44.335 [warning] git config failed: Failed to execute git
2024-10-20 15:16:44.357 [info] > git config --local branch.main.vscode-merge-base [24ms]
2024-10-20 15:16:44.357 [warning] git config failed: Failed to execute git
2024-10-20 15:16:44.376 [info] > git reflog refs/heads/main --grep-reflog=branch: Created from *. [23ms]
2024-10-20 15:16:44.395 [info] > git reflog refs/heads/main --grep-reflog=branch: Created from *. [20ms]
2024-10-20 15:16:44.415 [info] > git symbolic-ref --short refs/remotes/origin/HEAD [20ms]
2024-10-20 15:16:44.415 [info] fatal: ref refs/remotes/origin/HEAD is not a symbolic ref
2024-10-20 15:16:44.415 [info] GitHistoryProvider:resolveHistoryItemGroupBase - Failed to resolve history item group base for 'refs/heads/main'
2024-10-20 15:16:44.415 [info] GitHistoryProvider:resolveHistoryItemGroupCommonAncestor - Failed to resolve history item group base for 'refs/heads/main'
2024-10-20 15:16:44.416 [info] > git symbolic-ref --short refs/remotes/origin/HEAD [2ms]
2024-10-20 15:16:44.416 [info] fatal: ref refs/remotes/origin/HEAD is not a symbolic ref
2024-10-20 15:16:44.416 [info] GitHistoryProvider:resolveHistoryItemGroupBase - Failed to resolve history item group base for 'refs/heads/main'
2024-10-20 15:16:44.416 [info] GitHistoryProvider:resolveHistoryItemGroupCommonAncestor - Failed to resolve history item group base for 'refs/heads/main'
2024-10-20 15:16:44.773 [info] > git check-ignore -v -z --stdin [2ms]
2024-10-20 15:16:46.554 [info] > git config --get commit.template [19ms]
2024-10-20 15:16:46.555 [info] > git for-each-ref --format=%(refname)%00%(upstream:short)%00%(objectname)%00%(upstream:track)%00%(upstream:remotename)%00%(upstream:remoteref) refs/heads/main refs/remotes/main [1ms]
2024-10-20 15:16:46.583 [info] > git status -z -uall [11ms]
2024-10-20 15:16:46.760 [info] > git for-each-ref --format=%(refname)%00%(upstream:short)%00%(objectname)%00%(upstream:track)%00%(upstream:remotename)%00%(upstream:remoteref) refs/heads/main [2ms]
2024-10-20 15:16:46.780 [info] > git for-each-ref --format=%(refname)%00%(upstream:short)%00%(objectname)%00%(upstream:track)%00%(upstream:remotename)%00%(upstream:remoteref) refs/heads/main [3ms]
2024-10-20 15:16:46.800 [info] > git config --local branch.main.vscode-merge-base [2ms]
2024-10-20 15:16:46.800 [warning] git config failed: Failed to execute git
2024-10-20 15:16:46.820 [info] > git reflog refs/heads/main --grep-reflog=branch: Created from *. [3ms]
2024-10-20 15:16:46.838 [info] > git symbolic-ref --short refs/remotes/origin/HEAD [2ms]
2024-10-20 15:16:46.838 [info] fatal: ref refs/remotes/origin/HEAD is not a symbolic ref
2024-10-20 15:16:46.839 [info] GitHistoryProvider:resolveHistoryItemGroupBase - Failed to resolve history item group base for 'refs/heads/main'
2024-10-20 15:16:46.839 [info] GitHistoryProvider:resolveHistoryItemGroupCommonAncestor - Failed to resolve history item group base for 'refs/heads/main'
2024-10-20 15:16:46.924 [info] > git for-each-ref --format=%(refname)%00%(upstream:short)%00%(objectname)%00%(upstream:track)%00%(upstream:remotename)%00%(upstream:remoteref) refs/heads/main [2ms]
2024-10-20 15:16:46.943 [info] > git for-each-ref --format=%(refname)%00%(upstream:short)%00%(objectname)%00%(upstream:track)%00%(upstream:remotename)%00%(upstream:remoteref) refs/heads/main [2ms]
2024-10-20 15:16:46.967 [info] > git config --local branch.main.vscode-merge-base [2ms]
2024-10-20 15:16:46.967 [warning] git config failed: Failed to execute git
2024-10-20 15:16:46.996 [info] > git reflog refs/heads/main --grep-reflog=branch: Created from *. [4ms]
2024-10-20 15:16:47.023 [info] > git symbolic-ref --short refs/remotes/origin/HEAD [3ms]
2024-10-20 15:16:47.023 [info] fatal: ref refs/remotes/origin/HEAD is not a symbolic ref
2024-10-20 15:16:47.023 [info] GitHistoryProvider:resolveHistoryItemGroupBase - Failed to resolve history item group base for 'refs/heads/main'
2024-10-20 15:16:47.023 [info] GitHistoryProvider:resolveHistoryItemGroupCommonAncestor - Failed to resolve history item group base for 'refs/heads/main'
2024-10-20 15:16:47.879 [info] > git check-ignore -v -z --stdin [3ms]
2024-10-20 15:16:48.869 [info] > git check-ignore -v -z --stdin [2ms]
2024-10-20 15:16:51.625 [info] > git config --get commit.template [19ms]
2024-10-20 15:16:51.626 [info] > git for-each-ref --format=%(refname)%00%(upstream:short)%00%(objectname)%00%(upstream:track)%00%(upstream:remotename)%00%(upstream:remoteref) refs/heads/main refs/remotes/main [2ms]
2024-10-20 15:16:51.654 [info] > git status -z -uall [10ms]
2024-10-20 15:16:51.879 [info] > git for-each-ref --format=%(refname)%00%(upstream:short)%00%(objectname)%00%(upstream:track)%00%(upstream:remotename)%00%(upstream:remoteref) refs/heads/main [2ms]
2024-10-20 15:16:51.899 [info] > git for-each-ref --format=%(refname)%00%(upstream:short)%00%(objectname)%00%(upstream:track)%00%(upstream:remotename)%00%(upstream:remoteref) refs/heads/main [2ms]
2024-10-20 15:16:51.919 [info] > git config --local branch.main.vscode-merge-base [2ms]
2024-10-20 15:16:51.919 [warning] git config failed: Failed to execute git
2024-10-20 15:16:51.939 [info] > git reflog refs/heads/main --grep-reflog=branch: Created from *. [3ms]
2024-10-20 15:16:51.958 [info] > git symbolic-ref --short refs/remotes/origin/HEAD [2ms]
2024-10-20 15:16:51.958 [info] fatal: ref refs/remotes/origin/HEAD is not a symbolic ref
2024-10-20 15:16:51.958 [info] GitHistoryProvider:resolveHistoryItemGroupBase - Failed to resolve history item group base for 'refs/heads/main'
2024-10-20 15:16:51.958 [info] GitHistoryProvider:resolveHistoryItemGroupCommonAncestor - Failed to resolve history item group base for 'refs/heads/main'
2024-10-20 15:16:52.026 [info] > git for-each-ref --format=%(refname)%00%(upstream:short)%00%(objectname)%00%(upstream:track)%00%(upstream:remotename)%00%(upstream:remoteref) refs/heads/main [2ms]
2024-10-20 15:16:52.046 [info] > git for-each-ref --format=%(refname)%00%(upstream:short)%00%(objectname)%00%(upstream:track)%00%(upstream:remotename)%00%(upstream:remoteref) refs/heads/main [2ms]
2024-10-20 15:16:52.066 [info] > git config --local branch.main.vscode-merge-base [1ms]
2024-10-20 15:16:52.066 [warning] git config failed: Failed to execute git
2024-10-20 15:16:52.087 [info] > git reflog refs/heads/main --grep-reflog=branch: Created from *. [3ms]
2024-10-20 15:16:52.106 [info] > git symbolic-ref --short refs/remotes/origin/HEAD [2ms]
2024-10-20 15:16:52.106 [info] fatal: ref refs/remotes/origin/HEAD is not a symbolic ref
2024-10-20 15:16:52.106 [info] GitHistoryProvider:resolveHistoryItemGroupBase - Failed to resolve history item group base for 'refs/heads/main'
2024-10-20 15:16:52.106 [info] GitHistoryProvider:resolveHistoryItemGroupCommonAncestor - Failed to resolve history item group base for 'refs/heads/main'
2024-10-20 15:16:54.401 [info] > git for-each-ref --format=%(refname)%00%(upstream:short)%00%(objectname)%00%(upstream:track)%00%(upstream:remotename)%00%(upstream:remoteref) refs/heads/main [20ms]
2024-10-20 15:16:54.421 [info] > git for-each-ref --format=%(refname)%00%(upstream:short)%00%(objectname)%00%(upstream:track)%00%(upstream:remotename)%00%(upstream:remoteref) refs/heads/main [20ms]
2024-10-20 15:16:54.440 [info] > git for-each-ref --format=%(refname)%00%(upstream:short)%00%(objectname)%00%(upstream:track)%00%(upstream:remotename)%00%(upstream:remoteref) refs/heads/main [20ms]
2024-10-20 15:16:54.459 [info] > git for-each-ref --format=%(refname)%00%(upstream:short)%00%(objectname)%00%(upstream:track)%00%(upstream:remotename)%00%(upstream:remoteref) refs/heads/main [21ms]
2024-10-20 15:16:54.479 [info] > git config --local branch.main.vscode-merge-base [21ms]
2024-10-20 15:16:54.479 [warning] git config failed: Failed to execute git
2024-10-20 15:16:54.498 [info] > git config --local branch.main.vscode-merge-base [21ms]
2024-10-20 15:16:54.498 [warning] git config failed: Failed to execute git
2024-10-20 15:16:54.518 [info] > git reflog refs/heads/main --grep-reflog=branch: Created from *. [20ms]
2024-10-20 15:16:54.536 [info] > git reflog refs/heads/main --grep-reflog=branch: Created from *. [20ms]
2024-10-20 15:16:54.554 [info] > git symbolic-ref --short refs/remotes/origin/HEAD [19ms]
2024-10-20 15:16:54.555 [info] fatal: ref refs/remotes/origin/HEAD is not a symbolic ref
2024-10-20 15:16:54.555 [info] GitHistoryProvider:resolveHistoryItemGroupBase - Failed to resolve history item group base for 'refs/heads/main'
2024-10-20 15:16:54.555 [info] GitHistoryProvider:resolveHistoryItemGroupCommonAncestor - Failed to resolve history item group base for 'refs/heads/main'
2024-10-20 15:16:54.555 [info] > git symbolic-ref --short refs/remotes/origin/HEAD [2ms]
2024-10-20 15:16:54.555 [info] fatal: ref refs/remotes/origin/HEAD is not a symbolic ref
2024-10-20 15:16:54.555 [info] GitHistoryProvider:resolveHistoryItemGroupBase - Failed to resolve history item group base for 'refs/heads/main'
2024-10-20 15:16:54.555 [info] GitHistoryProvider:resolveHistoryItemGroupCommonAncestor - Failed to resolve history item group base for 'refs/heads/main'
2024-10-20 15:16:56.699 [info] > git config --get commit.template [19ms]
2024-10-20 15:16:56.700 [info] > git for-each-ref --format=%(refname)%00%(upstream:short)%00%(objectname)%00%(upstream:track)%00%(upstream:remotename)%00%(upstream:remoteref) refs/heads/main refs/remotes/main [2ms]
2024-10-20 15:16:56.729 [info] > git status -z -uall [11ms]
2024-10-20 15:17:01.771 [info] > git config --get commit.template [19ms]
2024-10-20 15:17:01.772 [info] > git for-each-ref --format=%(refname)%00%(upstream:short)%00%(objectname)%00%(upstream:track)%00%(upstream:remotename)%00%(upstream:remoteref) refs/heads/main refs/remotes/main [1ms]
2024-10-20 15:17:01.800 [info] > git status -z -uall [10ms]
2024-10-20 15:17:06.843 [info] > git config --get commit.template [19ms]
2024-10-20 15:17:06.844 [info] > git for-each-ref --format=%(refname)%00%(upstream:short)%00%(objectname)%00%(upstream:track)%00%(upstream:remotename)%00%(upstream:remoteref) refs/heads/main refs/remotes/main [2ms]
2024-10-20 15:17:06.872 [info] > git status -z -uall [10ms]
2024-10-20 15:17:11.913 [info] > git config --get commit.template [19ms]
2024-10-20 15:17:11.914 [info] > git for-each-ref --format=%(refname)%00%(upstream:short)%00%(objectname)%00%(upstream:track)%00%(upstream:remotename)%00%(upstream:remoteref) refs/heads/main refs/remotes/main [2ms]
2024-10-20 15:17:11.944 [info] > git status -z -uall [11ms]
2024-10-20 15:28:04.042 [info] > git config --get commit.template [19ms]
2024-10-20 15:28:04.043 [info] > git for-each-ref --format=%(refname)%00%(upstream:short)%00%(objectname)%00%(upstream:track)%00%(upstream:remotename)%00%(upstream:remoteref) refs/heads/main refs/remotes/main [2ms]
2024-10-20 15:28:04.071 [info] > git status -z -uall [11ms]
2024-10-20 15:28:09.115 [info] > git config --get commit.template [21ms]
2024-10-20 15:28:09.115 [info] > git for-each-ref --format=%(refname)%00%(upstream:short)%00%(objectname)%00%(upstream:track)%00%(upstream:remotename)%00%(upstream:remoteref) refs/heads/main refs/remotes/main [3ms]
2024-10-20 15:28:09.143 [info] > git status -z -uall [11ms]
2024-10-20 15:34:34.818 [info] > git config --get commit.template [19ms]
2024-10-20 15:34:34.819 [info] > git for-each-ref --format=%(refname)%00%(upstream:short)%00%(objectname)%00%(upstream:track)%00%(upstream:remotename)%00%(upstream:remoteref) refs/heads/main refs/remotes/main [2ms]
2024-10-20 15:34:34.847 [info] > git status -z -uall [11ms]
2024-10-20 15:34:48.591 [info] > git config --get commit.template [19ms]
2024-10-20 15:34:48.592 [info] > git for-each-ref --format=%(refname)%00%(upstream:short)%00%(objectname)%00%(upstream:track)%00%(upstream:remotename)%00%(upstream:remoteref) refs/heads/main refs/remotes/main [2ms]
2024-10-20 15:34:48.620 [info] > git status -z -uall [10ms]
2024-10-20 15:53:55.655 [info] > git config --get commit.template [19ms]
2024-10-20 15:53:55.656 [info] > git for-each-ref --format=%(refname)%00%(upstream:short)%00%(objectname)%00%(upstream:track)%00%(upstream:remotename)%00%(upstream:remoteref) refs/heads/main refs/remotes/main [2ms]
2024-10-20 15:53:55.684 [info] > git status -z -uall [11ms]
