Initializing document watcher...
Document watcher initialized
mehmet_cengiz_etl/access_account.json: {}
mehmet_cengiz_etl/access_account.json: {}
mehmet_cengiz_etl/cloudbuild.yaml: {}
mehmet_cengiz_etl/cloudbuild.yaml: {}
mehmet_cengiz_etl/mystical-sweep-439114-m6-3053e0041d84.json: {}
mehmet_cengiz_etl/access-account.json: {}
mehmet_cengiz_etl/cloudbuild.yaml: {}
mehmet_cengiz_etl/cloudbuild.yaml: {}
mehmet_cengiz_etl/cloudbuild.yaml: {}
mehmet_cengiz_etl/access-account.json: {}
mehmet_cengiz_etl/access-account.json: {}
mehmet_cengiz_etl/access-account.json: {}
mehmet_cengiz_etl/access_account.json: {}
mehmet_cengiz_etl/access_account.json: {}
mehmet_cengiz_etl/access_account.json: {}
mehmet_cengiz_etl/access_account.json: {}
mehmet_cengiz_etl/access_account.json: {}
mehmet_cengiz_etl/access_account.json: {}
mehmet_cengiz_etl/access_account.json: {}
mehmet_cengiz_etl/access_account.json: {}
mehmet_cengiz_etl/access_account.json: {}
mehmet_cengiz_etl/access_account.json: {}
mehmet_cengiz_etl/access_account.json: {}
mehmet_cengiz_etl/access_account.json: {}
mehmet_cengiz_etl/access_account.json: {}
mehmet_cengiz_etl/decoded-key.json: {}
mehmet_cengiz_etl/cloudbuild.yaml: {}
mehmet_cengiz_etl/encoded-key.txt: {}
mehmet_cengiz_etl/cloudbuild.yaml: {}
mehmet_cengiz_etl/sa-key.json: {}
mehmet_cengiz_etl/cloudbuild.yaml: {}
mehmet_cengiz_etl/test-decoded-key.json: {}
mehmet_cengiz_etl/cloudbuild.yaml: {}
mehmet_cengiz_etl/test-key-decoded.json: {}
mehmet_cengiz_etl/cloudbuild.yaml: {}
mehmet_cengiz_etl/cloudbuild.yaml: {}
mehmet_cengiz_etl/cloudbuild.yaml: {}
mehmet_cengiz_etl/cloudbuild.yaml: {}
mehmet_cengiz_etl/cloudbuild.yaml: {}
mehmet_cengiz_etl/cloudbuild.yaml: {}
mehmet_cengiz_etl/cloudbuild.yaml: {}
mehmet_cengiz_etl/cloudbuild.yaml: {}
