Initializing document watcher...
Document watcher initialized
mehmet_cengiz_etl/Dockerfile: {}
mehmet_cengiz_etl/Dockerfile: {}
mehmet_cengiz_etl/Dockerfile: Using EditorConfig core...
mehmet_cengiz_etl/Dockerfile: Using EditorConfig core...
No more open editors.
No more open editors.
No more open editors.
mehmet_cengiz_etl/Dockerfile: {}
mehmet_cengiz_etl/Dockerfile: {}
mehmet_cengiz_etl/Dockerfile: Using EditorConfig core...
mehmet_cengiz_etl/Dockerfile: Using EditorConfig core...
mehmet_cengiz_etl/Dockerfile: {}
mehmet_cengiz_etl/Dockerfile: {}
mehmet_cengiz_etl/Dockerfile: {}
mehmet_cengiz_etl/Dockerfile: {}
mehmet_cengiz_etl/Dockerfile: {}
mehmet_cengiz_etl/Dockerfile: {}
mehmet_cengiz_etl/Dockerfile: {}
mehmet_cengiz_etl/Dockerfile: {}
mehmet_cengiz_etl/Dockerfile: {}
mehmet_cengiz_etl/run_pipeline.py: {}
mehmet_cengiz_etl/run_pipeline.py: {}
mehmet_cengiz_etl/run_pipeline.py: Using EditorConfig core...
mehmet_cengiz_etl/run_pipeline.py: {}
mehmet_cengiz_etl/Dockerfile: {}
mehmet_cengiz_etl/Dockerfile: Using EditorConfig core...
mehmet_cengiz_etl/Dockerfile: Using EditorConfig core...
mehmet_cengiz_etl/run_pipeline.py: {}
No more open editors.
No more open editors.
No more open editors.
No more open editors.
mehmet_cengiz_etl/requirements.txt: {}
mehmet_cengiz_etl/requirements.txt: Using EditorConfig core...
mehmet_cengiz_etl/requirements.txt: {}
mehmet_cengiz_etl/requirements.txt: Using EditorConfig core...
mehmet_cengiz_etl/requirements.txt: Using EditorConfig core...
mehmet_cengiz_etl/requirements.txt: Using EditorConfig core...
mehmet_cengiz_etl/requirements.txt: Using EditorConfig core...
mehmet_cengiz_etl/requirements.txt: Using EditorConfig core...
mehmet_cengiz_etl/requirements.txt: {}
mehmet_cengiz_etl/requirements.txt: Using EditorConfig core...
mehmet_cengiz_etl/requirements.txt: Using EditorConfig core...
mehmet_cengiz_etl/requirements.txt: Using EditorConfig core...
mehmet_cengiz_etl/requirements.txt: Using EditorConfig core...
mehmet_cengiz_etl/requirements.txt: Using EditorConfig core...
mehmet_cengiz_etl/requirements.txt: Using EditorConfig core...
mehmet_cengiz_etl/requirements.txt: Using EditorConfig core...
mehmet_cengiz_etl/requirements.txt: Using EditorConfig core...
mehmet_cengiz_etl/requirements.txt: Using EditorConfig core...
mehmet_cengiz_etl/requirements.txt: Using EditorConfig core...
mehmet_cengiz_etl/requirements.txt: Using EditorConfig core...
mehmet_cengiz_etl/requirements.txt: Using EditorConfig core...
No more open editors.
No more open editors.
No more open editors.
mehmet_cengiz_etl/Dockerfile: {}
mehmet_cengiz_etl/Dockerfile: Using EditorConfig core...
mehmet_cengiz_etl/Dockerfile: Using EditorConfig core...
mehmet_cengiz_etl/Dockerfile: Using EditorConfig core...
mehmet_cengiz_etl/Dockerfile: Using EditorConfig core...
mehmet_cengiz_etl/Dockerfile: {}
mehmet_cengiz_etl/Dockerfile: {}
mehmet_cengiz_etl/run_pipeline.py: {}
mehmet_cengiz_etl/run_pipeline.py: Using EditorConfig core...
mehmet_cengiz_etl/run_pipeline.py: Using EditorConfig core...
mehmet_cengiz_etl/run_pipeline.py: {}
mehmet_cengiz_etl/run_pipeline.py: {}
mehmet_cengiz_etl/run_pipeline.py: {}
mehmet_cengiz_etl/run_pipeline.py: {}
