2024-10-20 06:47:37.594 [info] Log level: Info
2024-10-20 06:47:37.594 [info] Validating found git in: "git"
2024-10-20 06:47:37.594 [info] Using git "2.43.0" from "git"
2024-10-20 06:47:37.594 [info] > git rev-parse --show-toplevel [19ms]
2024-10-20 06:47:37.595 [info] > git rev-parse --git-dir --git-common-dir [2ms]
2024-10-20 06:47:37.597 [info] Open repository: /home/mehmet_cengiz_etl
2024-10-20 06:47:37.597 [info] > git config --get commit.template [225ms]
2024-10-20 06:47:37.597 [info] > git rev-parse --show-toplevel [237ms]
2024-10-20 06:47:37.599 [info] > git rev-parse --show-toplevel [14ms]
2024-10-20 06:47:37.601 [info] > git for-each-ref --format=%(refname)%00%(upstream:short)%00%(objectname)%00%(upstream:track)%00%(upstream:remotename)%00%(upstream:remoteref) refs/heads/main refs/remotes/main [37ms]
2024-10-20 06:47:38.054 [info] > git rev-parse --show-toplevel [437ms]
2024-10-20 06:47:38.098 [info] > git check-ignore -v -z --stdin [53ms]
2024-10-20 06:47:38.103 [info] > git status -z -uall [34ms]
2024-10-20 06:47:43.267 [info] > git merge-base refs/heads/main refs/remotes/origin/main [5138ms]
2024-10-20 06:47:43.332 [info] > git rev-parse --show-toplevel [5240ms]
2024-10-20 06:47:43.817 [info] > git rev-list --count --left-right refs/heads/main...refs/remotes/origin/main [486ms]
2024-10-20 06:47:43.851 [info] > git config --get commit.template [5692ms]
2024-10-20 06:47:43.884 [info] > git rev-parse --show-toplevel [384ms]
2024-10-20 06:47:43.956 [info] > git diff --name-status -z --diff-filter=ADMR ffff900a4bcd80c31fc18bc59a8286732f840d4c...refs/remotes/origin/main [105ms]
2024-10-20 06:47:43.992 [info] > git for-each-ref --format=%(refname)%00%(upstream:short)%00%(objectname)%00%(upstream:track)%00%(upstream:remotename)%00%(upstream:remoteref) refs/heads/main refs/remotes/main [67ms]
2024-10-20 06:47:44.089 [info] > git rev-parse --show-toplevel [135ms]
2024-10-20 06:47:44.405 [info] > git rev-parse --show-toplevel [208ms]
2024-10-20 06:47:44.587 [info] > git rev-parse --show-toplevel [76ms]
2024-10-20 06:47:44.650 [info] > git status -z -uall [80ms]
2024-10-20 06:47:44.760 [info] > git rev-parse --show-toplevel [120ms]
2024-10-20 06:47:44.873 [info] > git rev-parse --show-toplevel [24ms]
2024-10-20 06:47:44.946 [info] > git show --textconv :access_account.json [41ms]
2024-10-20 06:47:44.980 [info] > git ls-files --stage -- /home/mehmet_cengiz_etl/access_account.json [41ms]
2024-10-20 06:47:50.820 [info] > git config --get commit.template [23ms]
2024-10-20 06:47:50.881 [info] > git for-each-ref --format=%(refname)%00%(upstream:short)%00%(objectname)%00%(upstream:track)%00%(upstream:remotename)%00%(upstream:remoteref) refs/heads/main refs/remotes/main [12ms]
2024-10-20 06:47:50.931 [info] > git status -z -uall [17ms]
2024-10-20 06:47:55.999 [info] > git config --get commit.template [34ms]
2024-10-20 06:47:56.002 [info] > git for-each-ref --format=%(refname)%00%(upstream:short)%00%(objectname)%00%(upstream:track)%00%(upstream:remotename)%00%(upstream:remoteref) refs/heads/main refs/remotes/main [15ms]
2024-10-20 06:47:56.031 [info] > git status -z -uall [3ms]
2024-10-20 06:47:56.350 [info] > git show --textconv :cloudbuild.yaml [26ms]
2024-10-20 06:47:56.354 [info] > git ls-files --stage -- /home/mehmet_cengiz_etl/cloudbuild.yaml [6ms]
2024-10-20 06:47:56.378 [info] > git cat-file -s cc2ceb84142b3dbc30338471bb2397f48e94b4a4 [4ms]
2024-10-20 06:48:06.293 [info] > git config --get commit.template [24ms]
2024-10-20 06:48:06.294 [info] > git for-each-ref --format=%(refname)%00%(upstream:short)%00%(objectname)%00%(upstream:track)%00%(upstream:remotename)%00%(upstream:remoteref) refs/heads/main refs/remotes/main [3ms]
2024-10-20 06:48:06.319 [info] > git status -z -uall [4ms]
2024-10-20 06:48:06.760 [info] > git show --textconv :mystical-sweep-439114-m6-3053e0041d84.json [26ms]
2024-10-20 06:48:06.761 [info] > git ls-files --stage -- /home/mehmet_cengiz_etl/mystical-sweep-439114-m6-3053e0041d84.json [4ms]
2024-10-20 06:48:06.969 [info] > git check-ignore -v -z --stdin [2ms]
2024-10-20 06:48:11.371 [info] > git config --get commit.template [22ms]
2024-10-20 06:48:11.372 [info] > git for-each-ref --format=%(refname)%00%(upstream:short)%00%(objectname)%00%(upstream:track)%00%(upstream:remotename)%00%(upstream:remoteref) refs/heads/main refs/remotes/main [3ms]
2024-10-20 06:48:11.397 [info] > git status -z -uall [4ms]
2024-10-20 06:48:16.447 [info] > git config --get commit.template [22ms]
2024-10-20 06:48:16.448 [info] > git for-each-ref --format=%(refname)%00%(upstream:short)%00%(objectname)%00%(upstream:track)%00%(upstream:remotename)%00%(upstream:remoteref) refs/heads/main refs/remotes/main [3ms]
2024-10-20 06:48:16.474 [info] > git status -z -uall [5ms]
2024-10-20 06:48:19.392 [info] > git show --textconv :access-account.json [25ms]
2024-10-20 06:48:19.395 [info] > git ls-files --stage -- /home/mehmet_cengiz_etl/access-account.json [6ms]
2024-10-20 06:48:19.599 [info] > git check-ignore -v -z --stdin [2ms]
2024-10-20 06:48:21.530 [info] > git config --get commit.template [26ms]
2024-10-20 06:48:21.532 [info] > git for-each-ref --format=%(refname)%00%(upstream:short)%00%(objectname)%00%(upstream:track)%00%(upstream:remotename)%00%(upstream:remoteref) refs/heads/main refs/remotes/main [4ms]
2024-10-20 06:48:21.559 [info] > git status -z -uall [5ms]
2024-10-20 06:48:26.639 [info] > git config --get commit.template [27ms]
2024-10-20 06:48:26.642 [info] > git for-each-ref --format=%(refname)%00%(upstream:short)%00%(objectname)%00%(upstream:track)%00%(upstream:remotename)%00%(upstream:remoteref) refs/heads/main refs/remotes/main [5ms]
2024-10-20 06:48:26.667 [info] > git status -z -uall [4ms]
2024-10-20 06:48:31.716 [info] > git config --get commit.template [22ms]
2024-10-20 06:48:31.717 [info] > git for-each-ref --format=%(refname)%00%(upstream:short)%00%(objectname)%00%(upstream:track)%00%(upstream:remotename)%00%(upstream:remoteref) refs/heads/main refs/remotes/main [3ms]
2024-10-20 06:48:31.744 [info] > git status -z -uall [4ms]
2024-10-20 06:48:34.275 [info] > git show --textconv :cloudbuild.yaml [23ms]
2024-10-20 06:48:34.278 [info] > git ls-files --stage -- /home/mehmet_cengiz_etl/cloudbuild.yaml [4ms]
2024-10-20 06:48:34.314 [info] > git cat-file -s cc2ceb84142b3dbc30338471bb2397f48e94b4a4 [10ms]
2024-10-20 06:48:36.773 [info] > git config --get commit.template [2ms]
2024-10-20 06:48:36.795 [info] > git for-each-ref --format=%(refname)%00%(upstream:short)%00%(objectname)%00%(upstream:track)%00%(upstream:remotename)%00%(upstream:remoteref) refs/heads/main refs/remotes/main [2ms]
2024-10-20 06:48:36.821 [info] > git status -z -uall [4ms]
2024-10-20 06:48:41.869 [info] > git config --get commit.template [22ms]
2024-10-20 06:48:41.871 [info] > git for-each-ref --format=%(refname)%00%(upstream:short)%00%(objectname)%00%(upstream:track)%00%(upstream:remotename)%00%(upstream:remoteref) refs/heads/main refs/remotes/main [3ms]
2024-10-20 06:48:41.898 [info] > git status -z -uall [4ms]
2024-10-20 06:49:29.792 [info] > git config --get commit.template [19ms]
2024-10-20 06:49:29.793 [info] > git for-each-ref --format=%(refname)%00%(upstream:short)%00%(objectname)%00%(upstream:track)%00%(upstream:remotename)%00%(upstream:remoteref) refs/heads/main refs/remotes/main [3ms]
2024-10-20 06:49:29.817 [info] > git status -z -uall [5ms]
2024-10-20 06:49:34.013 [info] > git show --textconv :access-account.json [22ms]
2024-10-20 06:49:34.015 [info] > git ls-files --stage -- /home/mehmet_cengiz_etl/access-account.json [5ms]
2024-10-20 06:49:34.862 [info] > git config --get commit.template [20ms]
2024-10-20 06:49:34.863 [info] > git for-each-ref --format=%(refname)%00%(upstream:short)%00%(objectname)%00%(upstream:track)%00%(upstream:remotename)%00%(upstream:remoteref) refs/heads/main refs/remotes/main [3ms]
2024-10-20 06:49:34.890 [info] > git status -z -uall [6ms]
2024-10-20 06:49:39.936 [info] > git config --get commit.template [19ms]
2024-10-20 06:49:39.937 [info] > git for-each-ref --format=%(refname)%00%(upstream:short)%00%(objectname)%00%(upstream:track)%00%(upstream:remotename)%00%(upstream:remoteref) refs/heads/main refs/remotes/main [2ms]
2024-10-20 06:49:39.960 [info] > git status -z -uall [4ms]
2024-10-20 06:49:49.428 [info] > git config --get commit.template [21ms]
2024-10-20 06:49:49.429 [info] > git for-each-ref --format=%(refname)%00%(upstream:short)%00%(objectname)%00%(upstream:track)%00%(upstream:remotename)%00%(upstream:remoteref) refs/heads/main refs/remotes/main [3ms]
2024-10-20 06:49:49.451 [info] > git status -z -uall [4ms]
2024-10-20 06:49:54.497 [info] > git config --get commit.template [21ms]
2024-10-20 06:49:54.499 [info] > git for-each-ref --format=%(refname)%00%(upstream:short)%00%(objectname)%00%(upstream:track)%00%(upstream:remotename)%00%(upstream:remoteref) refs/heads/main refs/remotes/main [2ms]
2024-10-20 06:49:54.525 [info] > git status -z -uall [6ms]
2024-10-20 06:49:59.569 [info] > git config --get commit.template [20ms]
2024-10-20 06:49:59.570 [info] > git for-each-ref --format=%(refname)%00%(upstream:short)%00%(objectname)%00%(upstream:track)%00%(upstream:remotename)%00%(upstream:remoteref) refs/heads/main refs/remotes/main [2ms]
2024-10-20 06:49:59.593 [info] > git status -z -uall [4ms]
2024-10-20 06:50:00.065 [info] > git show --textconv :access_account.json [20ms]
2024-10-20 06:50:00.067 [info] > git ls-files --stage -- /home/mehmet_cengiz_etl/access_account.json [3ms]
2024-10-20 06:50:35.682 [info] > git config --get commit.template [19ms]
2024-10-20 06:50:35.685 [info] > git for-each-ref --format=%(refname)%00%(upstream:short)%00%(objectname)%00%(upstream:track)%00%(upstream:remotename)%00%(upstream:remoteref) refs/heads/main refs/remotes/main [4ms]
2024-10-20 06:50:35.709 [info] > git status -z -uall [4ms]
2024-10-20 06:53:45.005 [info] > git config --get commit.template [3ms]
2024-10-20 06:53:45.033 [info] > git for-each-ref --format=%(refname)%00%(upstream:short)%00%(objectname)%00%(upstream:track)%00%(upstream:remotename)%00%(upstream:remoteref) refs/heads/main refs/remotes/main [3ms]
2024-10-20 06:53:45.060 [info] > git status -z -uall [8ms]
2024-10-20 06:53:50.103 [info] > git config --get commit.template [19ms]
2024-10-20 06:53:50.104 [info] > git for-each-ref --format=%(refname)%00%(upstream:short)%00%(objectname)%00%(upstream:track)%00%(upstream:remotename)%00%(upstream:remoteref) refs/heads/main refs/remotes/main [4ms]
2024-10-20 06:53:50.127 [info] > git status -z -uall [4ms]
2024-10-20 06:53:55.170 [info] > git config --get commit.template [20ms]
2024-10-20 06:53:55.172 [info] > git for-each-ref --format=%(refname)%00%(upstream:short)%00%(objectname)%00%(upstream:track)%00%(upstream:remotename)%00%(upstream:remoteref) refs/heads/main refs/remotes/main [3ms]
2024-10-20 06:53:55.195 [info] > git status -z -uall [5ms]
2024-10-20 06:54:24.018 [info] > git config --get commit.template [22ms]
2024-10-20 06:54:24.019 [info] > git for-each-ref --format=%(refname)%00%(upstream:short)%00%(objectname)%00%(upstream:track)%00%(upstream:remotename)%00%(upstream:remoteref) refs/heads/main refs/remotes/main [3ms]
2024-10-20 06:54:24.042 [info] > git status -z -uall [4ms]
2024-10-20 06:54:29.085 [info] > git config --get commit.template [19ms]
2024-10-20 06:54:29.086 [info] > git for-each-ref --format=%(refname)%00%(upstream:short)%00%(objectname)%00%(upstream:track)%00%(upstream:remotename)%00%(upstream:remoteref) refs/heads/main refs/remotes/main [2ms]
2024-10-20 06:54:29.108 [info] > git status -z -uall [4ms]
2024-10-20 06:54:34.156 [info] > git config --get commit.template [20ms]
2024-10-20 06:54:34.157 [info] > git for-each-ref --format=%(refname)%00%(upstream:short)%00%(objectname)%00%(upstream:track)%00%(upstream:remotename)%00%(upstream:remoteref) refs/heads/main refs/remotes/main [3ms]
2024-10-20 06:54:34.182 [info] > git status -z -uall [5ms]
2024-10-20 06:55:14.716 [info] > git config --get commit.template [20ms]
2024-10-20 06:55:14.717 [info] > git for-each-ref --format=%(refname)%00%(upstream:short)%00%(objectname)%00%(upstream:track)%00%(upstream:remotename)%00%(upstream:remoteref) refs/heads/main refs/remotes/main [3ms]
2024-10-20 06:55:14.738 [info] > git status -z -uall [4ms]
2024-10-20 06:55:56.841 [info] > git config --get commit.template [21ms]
2024-10-20 06:55:56.842 [info] > git for-each-ref --format=%(refname)%00%(upstream:short)%00%(objectname)%00%(upstream:track)%00%(upstream:remotename)%00%(upstream:remoteref) refs/heads/main refs/remotes/main [2ms]
2024-10-20 06:55:56.864 [info] > git status -z -uall [4ms]
2024-10-20 06:58:25.584 [info] > git config --get commit.template [20ms]
2024-10-20 06:58:25.586 [info] > git for-each-ref --format=%(refname)%00%(upstream:short)%00%(objectname)%00%(upstream:track)%00%(upstream:remotename)%00%(upstream:remoteref) refs/heads/main refs/remotes/main [2ms]
2024-10-20 06:58:25.608 [info] > git status -z -uall [5ms]
2024-10-20 06:58:27.802 [info] > git show --textconv :decoded-key.json [21ms]
2024-10-20 06:58:27.804 [info] > git ls-files --stage -- /home/mehmet_cengiz_etl/decoded-key.json [4ms]
2024-10-20 06:58:30.653 [info] > git config --get commit.template [21ms]
2024-10-20 06:58:30.654 [info] > git for-each-ref --format=%(refname)%00%(upstream:short)%00%(objectname)%00%(upstream:track)%00%(upstream:remotename)%00%(upstream:remoteref) refs/heads/main refs/remotes/main [3ms]
2024-10-20 06:58:30.676 [info] > git status -z -uall [4ms]
2024-10-20 06:58:35.721 [info] > git config --get commit.template [19ms]
2024-10-20 06:58:35.722 [info] > git for-each-ref --format=%(refname)%00%(upstream:short)%00%(objectname)%00%(upstream:track)%00%(upstream:remotename)%00%(upstream:remoteref) refs/heads/main refs/remotes/main [3ms]
2024-10-20 06:58:35.747 [info] > git status -z -uall [4ms]
2024-10-20 06:58:36.828 [info] > git show --textconv :cloudbuild.yaml [21ms]
2024-10-20 06:58:36.830 [info] > git ls-files --stage -- /home/mehmet_cengiz_etl/cloudbuild.yaml [4ms]
2024-10-20 06:58:36.850 [info] > git cat-file -s cc2ceb84142b3dbc30338471bb2397f48e94b4a4 [3ms]
2024-10-20 06:58:37.927 [info] > git show --textconv :encoded-key.txt [21ms]
2024-10-20 06:58:37.928 [info] > git ls-files --stage -- /home/mehmet_cengiz_etl/encoded-key.txt [4ms]
2024-10-20 06:58:39.580 [info] > git show --textconv :cloudbuild.yaml [22ms]
2024-10-20 06:58:39.582 [info] > git ls-files --stage -- /home/mehmet_cengiz_etl/cloudbuild.yaml [4ms]
2024-10-20 06:58:39.604 [info] > git cat-file -s cc2ceb84142b3dbc30338471bb2397f48e94b4a4 [4ms]
2024-10-20 06:58:40.492 [info] > git show --textconv :sa-key.json [38ms]
2024-10-20 06:58:40.494 [info] > git ls-files --stage -- /home/mehmet_cengiz_etl/sa-key.json [5ms]
2024-10-20 06:58:40.792 [info] > git config --get commit.template [21ms]
2024-10-20 06:58:40.793 [info] > git for-each-ref --format=%(refname)%00%(upstream:short)%00%(objectname)%00%(upstream:track)%00%(upstream:remotename)%00%(upstream:remoteref) refs/heads/main refs/remotes/main [3ms]
2024-10-20 06:58:40.816 [info] > git status -z -uall [5ms]
2024-10-20 06:58:41.999 [info] > git show --textconv :cloudbuild.yaml [20ms]
2024-10-20 06:58:42.001 [info] > git ls-files --stage -- /home/mehmet_cengiz_etl/cloudbuild.yaml [3ms]
2024-10-20 06:58:42.021 [info] > git cat-file -s cc2ceb84142b3dbc30338471bb2397f48e94b4a4 [4ms]
2024-10-20 06:58:42.994 [info] > git show --textconv :test-decoded-key.json [21ms]
2024-10-20 06:58:42.996 [info] > git ls-files --stage -- /home/mehmet_cengiz_etl/test-decoded-key.json [5ms]
2024-10-20 06:58:45.024 [info] > git show --textconv :cloudbuild.yaml [22ms]
2024-10-20 06:58:45.027 [info] > git ls-files --stage -- /home/mehmet_cengiz_etl/cloudbuild.yaml [6ms]
2024-10-20 06:58:45.047 [info] > git cat-file -s cc2ceb84142b3dbc30338471bb2397f48e94b4a4 [3ms]
2024-10-20 06:58:45.933 [info] > git show --textconv :test-key-decoded.json [21ms]
2024-10-20 06:58:45.935 [info] > git ls-files --stage -- /home/mehmet_cengiz_etl/test-key-decoded.json [5ms]
2024-10-20 06:58:47.953 [info] > git show --textconv :cloudbuild.yaml [21ms]
2024-10-20 06:58:47.955 [info] > git ls-files --stage -- /home/mehmet_cengiz_etl/cloudbuild.yaml [3ms]
2024-10-20 06:58:47.976 [info] > git cat-file -s cc2ceb84142b3dbc30338471bb2397f48e94b4a4 [4ms]
2024-10-20 06:58:51.913 [info] > git config --get commit.template [19ms]
2024-10-20 06:58:51.914 [info] > git for-each-ref --format=%(refname)%00%(upstream:short)%00%(objectname)%00%(upstream:track)%00%(upstream:remotename)%00%(upstream:remoteref) refs/heads/main refs/remotes/main [3ms]
2024-10-20 06:58:51.937 [info] > git status -z -uall [5ms]
2024-10-20 07:16:51.455 [info] > git config --get commit.template [21ms]
2024-10-20 07:16:51.456 [info] > git for-each-ref --format=%(refname)%00%(upstream:short)%00%(objectname)%00%(upstream:track)%00%(upstream:remotename)%00%(upstream:remoteref) refs/heads/main refs/remotes/main [3ms]
2024-10-20 07:16:51.479 [info] > git status -z -uall [5ms]
2024-10-20 07:17:01.360 [info] > git config --get commit.template [22ms]
2024-10-20 07:17:01.361 [info] > git for-each-ref --format=%(refname)%00%(upstream:short)%00%(objectname)%00%(upstream:track)%00%(upstream:remotename)%00%(upstream:remoteref) refs/heads/main refs/remotes/main [3ms]
2024-10-20 07:17:01.384 [info] > git status -z -uall [4ms]
2024-10-20 07:22:34.141 [info] > git config --get commit.template [20ms]
2024-10-20 07:22:34.143 [info] > git for-each-ref --format=%(refname)%00%(upstream:short)%00%(objectname)%00%(upstream:track)%00%(upstream:remotename)%00%(upstream:remoteref) refs/heads/main refs/remotes/main [3ms]
2024-10-20 07:22:34.168 [info] > git status -z -uall [5ms]
2024-10-20 07:30:43.479 [info] > git config --get commit.template [22ms]
2024-10-20 07:30:43.480 [info] > git for-each-ref --format=%(refname)%00%(upstream:short)%00%(objectname)%00%(upstream:track)%00%(upstream:remotename)%00%(upstream:remoteref) refs/heads/main refs/remotes/main [3ms]
2024-10-20 07:30:43.504 [info] > git status -z -uall [5ms]
2024-10-20 07:52:30.872 [info] > git config --get commit.template [21ms]
2024-10-20 07:52:30.873 [info] > git for-each-ref --format=%(refname)%00%(upstream:short)%00%(objectname)%00%(upstream:track)%00%(upstream:remotename)%00%(upstream:remoteref) refs/heads/main refs/remotes/main [3ms]
2024-10-20 07:52:30.897 [info] > git status -z -uall [5ms]
2024-10-20 09:08:04.162 [info] > git config --get commit.template [21ms]
2024-10-20 09:08:04.164 [info] > git for-each-ref --format=%(refname)%00%(upstream:short)%00%(objectname)%00%(upstream:track)%00%(upstream:remotename)%00%(upstream:remoteref) refs/heads/main refs/remotes/main [4ms]
2024-10-20 09:08:04.188 [info] > git status -z -uall [5ms]
