2024-10-20 15:01:48.994 [info] Extension host with pid 2589 started
2024-10-20 15:01:48.995 [error] Error: EEXIST: file already exists, open '/home/mehmet_cengiz_etl/.codeoss/data/User/workspaceStorage/a748d06/vscode.lock'
2024-10-20 15:01:49.020 [info] Lock '/home/mehmet_cengiz_etl/.codeoss/data/User/workspaceStorage/a748d06/vscode.lock': Could not acquire lock, checking if the file is stale.
2024-10-20 15:01:49.022 [info] Lock '/home/mehmet_cengiz_etl/.codeoss/data/User/workspaceStorage/a748d06/vscode.lock': The pid 2555 appears to be gone.
2024-10-20 15:01:49.022 [info] Lock '/home/mehmet_cengiz_etl/.codeoss/data/User/workspaceStorage/a748d06/vscode.lock': Deleting a stale lock.
2024-10-20 15:01:49.031 [info] Lock '/home/mehmet_cengiz_etl/.codeoss/data/User/workspaceStorage/a748d06/vscode.lock': Lock acquired.
2024-10-20 15:01:49.129 [info] ExtensionService#_doActivateExtension vscode.emmet, startup: false, activationEvent: 'onLanguage'
2024-10-20 15:01:49.228 [info] ExtensionService#_doActivateExtension vscode.git-base, startup: true, activationEvent: '*', root cause: vscode.git
2024-10-20 15:01:49.250 [info] ExtensionService#_doActivateExtension ms-python.python, startup: true, activationEvent: 'workspaceContains:requirements.txt'
2024-10-20 15:01:49.646 [info] ExtensionService#_doActivateExtension vscode.git, startup: true, activationEvent: '*'
2024-10-20 15:01:49.646 [info] ExtensionService#_doActivateExtension vscode.github, startup: true, activationEvent: '*'
2024-10-20 15:01:50.039 [info] ExtensionService#_doActivateExtension redhat.fabric8-analytics, startup: true, activationEvent: 'workspaceContains:**/package.json,**/pom.xml,**/go.mod,**/requirements.txt'
2024-10-20 15:01:50.497 [info] Eager extensions activated
2024-10-20 15:01:50.497 [info] ExtensionService#_doActivateExtension EditorConfig.EditorConfig, startup: false, activationEvent: 'onStartupFinished'
2024-10-20 15:01:50.498 [info] ExtensionService#_doActivateExtension google.cloud-shell, startup: false, activationEvent: 'onStartupFinished'
2024-10-20 15:01:50.498 [info] ExtensionService#_doActivateExtension googlecloudtools.cloudcode, startup: false, activationEvent: 'onStartupFinished'
2024-10-20 15:01:50.499 [info] ExtensionService#_doActivateExtension vscode.debug-auto-launch, startup: false, activationEvent: 'onStartupFinished'
2024-10-20 15:01:50.499 [info] ExtensionService#_doActivateExtension vscode.merge-conflict, startup: false, activationEvent: 'onStartupFinished'
2024-10-20 15:01:53.486 [info] ExtensionService#_doActivateExtension vscode.json-language-features, startup: false, activationEvent: 'onLanguage:jsonc'
2024-10-20 15:01:53.487 [info] ExtensionService#_doActivateExtension vscode.typescript-language-features, startup: false, activationEvent: 'onLanguage:jsonc'
