Initializing document watcher...
Document watcher initialized
mehmet_cengiz_etl/cloudbuild.yaml: {}
mehmet_cengiz_etl/cloudbuild.yaml: Using EditorConfig core...
mehmet_cengiz_etl/cloudbuild.yaml: Using EditorConfig core...
mehmet_cengiz_etl/cloudbuild.yaml: {}
mehmet_cengiz_etl/cloudbuild.yaml: {}
mehmet_cengiz_etl/cloudbuild.yaml: {}
mehmet_cengiz_etl/cloudbuild.yaml: {}
mehmet_cengiz_etl/cloudbuild.yaml: {}
mehmet_cengiz_etl/cloudbuild.yaml: {}
mehmet_cengiz_etl/cloudbuild.yaml: {}
mehmet_cengiz_etl/cloudbuild.yaml: {}
No more open editors.
No more open editors.
No more open editors.
No more open editors.
No more open editors.
No more open editors.
No more open editors.
No more open editors.
No more open editors.
No more open editors.
No more open editors.
