2024-10-20 19:34:22.269 [info] Log level: Info
2024-10-20 19:34:22.269 [info] Validating found git in: "git"
2024-10-20 19:34:22.269 [info] Using git "2.43.0" from "git"
2024-10-20 19:34:22.289 [info] > git rev-parse --show-toplevel [24ms]
2024-10-20 19:34:22.305 [info] > git rev-parse --git-dir --git-common-dir [2ms]
2024-10-20 19:34:22.322 [info] Open repository: /home/mehmet_cengiz_etl
2024-10-20 19:34:22.346 [info] > git rev-parse --show-toplevel [4ms]
2024-10-20 19:34:22.347 [info] > git config --get commit.template [12ms]
2024-10-20 19:34:22.367 [info] > git rev-parse --show-toplevel [10ms]
2024-10-20 19:34:22.377 [info] > git rev-parse --show-toplevel [2ms]
2024-10-20 19:34:22.387 [info] > git rev-parse --show-toplevel [2ms]
2024-10-20 19:34:22.396 [info] > git for-each-ref --format=%(refname)%00%(upstream:short)%00%(objectname)%00%(upstream:track)%00%(upstream:remotename)%00%(upstream:remoteref) refs/heads/main refs/remotes/main [31ms]
2024-10-20 19:34:22.407 [info] > git rev-parse --show-toplevel [12ms]
2024-10-20 19:34:22.416 [info] > git rev-parse --show-toplevel [2ms]
2024-10-20 19:34:22.426 [info] > git rev-parse --show-toplevel [1ms]
2024-10-20 19:34:22.437 [info] > git rev-parse --show-toplevel [2ms]
2024-10-20 19:34:22.447 [info] > git rev-parse --show-toplevel [1ms]
2024-10-20 19:34:22.457 [info] > git rev-parse --show-toplevel [2ms]
2024-10-20 19:34:22.771 [info] > git status -z -uall [366ms]
2024-10-20 19:34:22.787 [info] > git rev-parse --show-toplevel [322ms]
2024-10-20 19:34:22.808 [info] > git config --get commit.template [10ms]
2024-10-20 19:34:22.821 [info] > git rev-parse --show-toplevel [15ms]
2024-10-20 19:34:26.191 [info] > git check-ignore -v -z --stdin [83ms]
2024-10-20 19:34:26.193 [info] > git rev-parse --show-toplevel [3352ms]
2024-10-20 19:34:26.193 [info] > git for-each-ref --format=%(refname)%00%(upstream:short)%00%(objectname)%00%(upstream:track)%00%(upstream:remotename)%00%(upstream:remoteref) refs/heads/main refs/remotes/main [3362ms]
2024-10-20 19:34:26.283 [info] > git status -z -uall [68ms]
2024-10-20 19:34:26.283 [info] > git rev-parse --git-dir --git-common-dir [34ms]
2024-10-20 19:34:26.290 [info] Open repository: /home/mehmet_cengiz_etl/new_repo
2024-10-20 19:34:26.687 [info] > git config --get commit.template [321ms]
2024-10-20 19:34:26.777 [info] No remotes found in the git config file.
2024-10-20 19:34:26.787 [info] > git for-each-ref --format=%(refname)%00%(upstream:short)%00%(objectname)%00%(upstream:track)%00%(upstream:remotename)%00%(upstream:remoteref) refs/heads/main refs/remotes/main [11ms]
2024-10-20 19:34:26.831 [info] > git status -z -uall [25ms]
2024-10-20 19:34:26.913 [info] > git config --get commit.template [48ms]
2024-10-20 19:34:26.938 [info] No remotes found in the git config file.
2024-10-20 19:34:26.942 [info] > git for-each-ref --format=%(refname)%00%(upstream:short)%00%(objectname)%00%(upstream:track)%00%(upstream:remotename)%00%(upstream:remoteref) refs/heads/main refs/remotes/main [4ms]
2024-10-20 19:34:27.021 [info] > git status -z -uall [57ms]
2024-10-20 19:34:27.504 [info] > git show --textconv :Dockerfile [30ms]
2024-10-20 19:34:27.506 [info] > git ls-files --stage -- /home/mehmet_cengiz_etl/Dockerfile [4ms]
2024-10-20 19:34:27.659 [info] > git check-ignore -v -z --stdin [29ms]
2024-10-20 19:34:27.661 [info] > git check-ignore -v -z --stdin [4ms]
2024-10-20 19:35:14.657 [info] > git config --get commit.template [20ms]
2024-10-20 19:35:14.658 [info] > git for-each-ref --format=%(refname)%00%(upstream:short)%00%(objectname)%00%(upstream:track)%00%(upstream:remotename)%00%(upstream:remoteref) refs/heads/main refs/remotes/main [3ms]
2024-10-20 19:35:14.685 [info] > git status -z -uall [11ms]
2024-10-20 19:35:19.733 [info] > git config --get commit.template [19ms]
2024-10-20 19:35:19.734 [info] > git for-each-ref --format=%(refname)%00%(upstream:short)%00%(objectname)%00%(upstream:track)%00%(upstream:remotename)%00%(upstream:remoteref) refs/heads/main refs/remotes/main [2ms]
2024-10-20 19:35:19.762 [info] > git status -z -uall [11ms]
2024-10-20 19:35:56.325 [info] > git config --get commit.template [19ms]
2024-10-20 19:35:56.326 [info] > git for-each-ref --format=%(refname)%00%(upstream:short)%00%(objectname)%00%(upstream:track)%00%(upstream:remotename)%00%(upstream:remoteref) refs/heads/main refs/remotes/main [3ms]
2024-10-20 19:35:56.354 [info] > git status -z -uall [11ms]
2024-10-20 19:41:18.722 [info] > git config --get commit.template [18ms]
2024-10-20 19:41:18.724 [info] > git for-each-ref --format=%(refname)%00%(upstream:short)%00%(objectname)%00%(upstream:track)%00%(upstream:remotename)%00%(upstream:remoteref) refs/heads/main refs/remotes/main [4ms]
2024-10-20 19:41:18.751 [info] > git status -z -uall [11ms]
2024-10-20 19:41:19.344 [info] > git show --textconv :Dockerfile [20ms]
2024-10-20 19:41:19.344 [info] > git ls-files --stage -- /home/mehmet_cengiz_etl/Dockerfile [1ms]
2024-10-20 19:42:02.267 [info] > git config --get commit.template [19ms]
2024-10-20 19:42:02.268 [info] > git for-each-ref --format=%(refname)%00%(upstream:short)%00%(objectname)%00%(upstream:track)%00%(upstream:remotename)%00%(upstream:remoteref) refs/heads/main refs/remotes/main [2ms]
2024-10-20 19:42:02.297 [info] > git status -z -uall [12ms]
2024-10-20 19:42:07.326 [info] > git config --get commit.template [3ms]
2024-10-20 19:42:07.345 [info] > git for-each-ref --format=%(refname)%00%(upstream:short)%00%(objectname)%00%(upstream:track)%00%(upstream:remotename)%00%(upstream:remoteref) refs/heads/main refs/remotes/main [2ms]
2024-10-20 19:42:07.373 [info] > git status -z -uall [11ms]
2024-10-20 19:42:20.918 [info] > git config --get commit.template [18ms]
2024-10-20 19:42:20.919 [info] > git for-each-ref --format=%(refname)%00%(upstream:short)%00%(objectname)%00%(upstream:track)%00%(upstream:remotename)%00%(upstream:remoteref) refs/heads/main refs/remotes/main [2ms]
2024-10-20 19:42:20.947 [info] > git status -z -uall [12ms]
2024-10-20 19:44:24.547 [info] > git config --get commit.template [19ms]
2024-10-20 19:44:24.548 [info] > git for-each-ref --format=%(refname)%00%(upstream:short)%00%(objectname)%00%(upstream:track)%00%(upstream:remotename)%00%(upstream:remoteref) refs/heads/main refs/remotes/main [2ms]
2024-10-20 19:44:24.580 [info] > git status -z -uall [12ms]
2024-10-20 19:44:26.952 [info] > git check-ignore -v -z --stdin [3ms]
2024-10-20 19:44:28.094 [info] > git check-ignore -v -z --stdin [2ms]
2024-10-20 19:44:29.625 [info] > git config --get commit.template [17ms]
2024-10-20 19:44:29.626 [info] > git for-each-ref --format=%(refname)%00%(upstream:short)%00%(objectname)%00%(upstream:track)%00%(upstream:remotename)%00%(upstream:remoteref) refs/heads/main refs/remotes/main [2ms]
2024-10-20 19:44:29.653 [info] > git status -z -uall [11ms]
2024-10-20 19:45:12.943 [info] > git config --get commit.template [19ms]
2024-10-20 19:45:12.944 [info] > git for-each-ref --format=%(refname)%00%(upstream:short)%00%(objectname)%00%(upstream:track)%00%(upstream:remotename)%00%(upstream:remoteref) refs/heads/main refs/remotes/main [4ms]
2024-10-20 19:45:12.974 [info] > git status -z -uall [11ms]
2024-10-20 19:48:33.693 [info] > git config --get commit.template [18ms]
2024-10-20 19:48:33.694 [info] > git for-each-ref --format=%(refname)%00%(upstream:short)%00%(objectname)%00%(upstream:track)%00%(upstream:remotename)%00%(upstream:remoteref) refs/heads/main refs/remotes/main [3ms]
2024-10-20 19:48:33.725 [info] > git status -z -uall [16ms]
2024-10-20 19:49:57.856 [info] > git config --get commit.template [18ms]
2024-10-20 19:49:57.857 [info] > git for-each-ref --format=%(refname)%00%(upstream:short)%00%(objectname)%00%(upstream:track)%00%(upstream:remotename)%00%(upstream:remoteref) refs/heads/main refs/remotes/main [2ms]
2024-10-20 19:49:57.886 [info] > git status -z -uall [12ms]
2024-10-20 19:50:02.931 [info] > git config --get commit.template [19ms]
2024-10-20 19:50:02.933 [info] > git for-each-ref --format=%(refname)%00%(upstream:short)%00%(objectname)%00%(upstream:track)%00%(upstream:remotename)%00%(upstream:remoteref) refs/heads/main refs/remotes/main [2ms]
2024-10-20 19:50:02.961 [info] > git status -z -uall [11ms]
2024-10-20 19:50:12.778 [info] > git config --get commit.template [19ms]
2024-10-20 19:50:12.779 [info] > git for-each-ref --format=%(refname)%00%(upstream:short)%00%(objectname)%00%(upstream:track)%00%(upstream:remotename)%00%(upstream:remoteref) refs/heads/main refs/remotes/main [2ms]
2024-10-20 19:50:12.809 [info] > git status -z -uall [12ms]
2024-10-20 19:50:17.338 [info] > git show --textconv :run_pipeline.py [20ms]
2024-10-20 19:50:17.340 [info] > git ls-files --stage -- /home/mehmet_cengiz_etl/run_pipeline.py [4ms]
2024-10-20 19:50:17.498 [info] > git check-ignore -v -z --stdin [2ms]
2024-10-20 19:50:17.852 [info] > git config --get commit.template [20ms]
2024-10-20 19:50:17.852 [info] > git for-each-ref --format=%(refname)%00%(upstream:short)%00%(objectname)%00%(upstream:track)%00%(upstream:remotename)%00%(upstream:remoteref) refs/heads/main refs/remotes/main [2ms]
2024-10-20 19:50:17.880 [info] > git status -z -uall [11ms]
2024-10-20 19:50:22.925 [info] > git config --get commit.template [21ms]
2024-10-20 19:50:22.925 [info] > git for-each-ref --format=%(refname)%00%(upstream:short)%00%(objectname)%00%(upstream:track)%00%(upstream:remotename)%00%(upstream:remoteref) refs/heads/main refs/remotes/main [2ms]
2024-10-20 19:50:22.954 [info] > git status -z -uall [11ms]
2024-10-20 19:50:27.999 [info] > git config --get commit.template [19ms]
2024-10-20 19:50:28.000 [info] > git for-each-ref --format=%(refname)%00%(upstream:short)%00%(objectname)%00%(upstream:track)%00%(upstream:remotename)%00%(upstream:remoteref) refs/heads/main refs/remotes/main [1ms]
2024-10-20 19:50:28.029 [info] > git status -z -uall [12ms]
2024-10-20 19:50:33.075 [info] > git config --get commit.template [18ms]
2024-10-20 19:50:33.076 [info] > git for-each-ref --format=%(refname)%00%(upstream:short)%00%(objectname)%00%(upstream:track)%00%(upstream:remotename)%00%(upstream:remoteref) refs/heads/main refs/remotes/main [2ms]
2024-10-20 19:50:33.105 [info] > git status -z -uall [11ms]
2024-10-20 19:50:38.148 [info] > git config --get commit.template [19ms]
2024-10-20 19:50:38.149 [info] > git for-each-ref --format=%(refname)%00%(upstream:short)%00%(objectname)%00%(upstream:track)%00%(upstream:remotename)%00%(upstream:remoteref) refs/heads/main refs/remotes/main [2ms]
2024-10-20 19:50:38.178 [info] > git status -z -uall [12ms]
2024-10-20 19:50:43.221 [info] > git config --get commit.template [19ms]
2024-10-20 19:50:43.222 [info] > git for-each-ref --format=%(refname)%00%(upstream:short)%00%(objectname)%00%(upstream:track)%00%(upstream:remotename)%00%(upstream:remoteref) refs/heads/main refs/remotes/main [2ms]
2024-10-20 19:50:43.251 [info] > git status -z -uall [11ms]
2024-10-20 19:50:48.279 [info] > git config --get commit.template [2ms]
2024-10-20 19:50:48.299 [info] > git for-each-ref --format=%(refname)%00%(upstream:short)%00%(objectname)%00%(upstream:track)%00%(upstream:remotename)%00%(upstream:remoteref) refs/heads/main refs/remotes/main [3ms]
2024-10-20 19:50:48.328 [info] > git status -z -uall [11ms]
2024-10-20 19:50:53.370 [info] > git config --get commit.template [18ms]
2024-10-20 19:50:53.372 [info] > git for-each-ref --format=%(refname)%00%(upstream:short)%00%(objectname)%00%(upstream:track)%00%(upstream:remotename)%00%(upstream:remoteref) refs/heads/main refs/remotes/main [2ms]
2024-10-20 19:50:53.400 [info] > git status -z -uall [11ms]
2024-10-20 19:51:03.523 [info] > git config --get commit.template [20ms]
2024-10-20 19:51:03.524 [info] > git for-each-ref --format=%(refname)%00%(upstream:short)%00%(objectname)%00%(upstream:track)%00%(upstream:remotename)%00%(upstream:remoteref) refs/heads/main refs/remotes/main [4ms]
2024-10-20 19:51:03.552 [info] > git status -z -uall [12ms]
2024-10-20 19:51:05.672 [info] > git show --textconv :Dockerfile [20ms]
2024-10-20 19:51:05.674 [info] > git ls-files --stage -- /home/mehmet_cengiz_etl/Dockerfile [3ms]
2024-10-20 19:51:08.580 [info] > git config --get commit.template [3ms]
2024-10-20 19:51:08.600 [info] > git for-each-ref --format=%(refname)%00%(upstream:short)%00%(objectname)%00%(upstream:track)%00%(upstream:remotename)%00%(upstream:remoteref) refs/heads/main refs/remotes/main [2ms]
2024-10-20 19:51:08.629 [info] > git status -z -uall [12ms]
2024-10-20 19:51:12.835 [info] > git show --textconv :run_pipeline.py [21ms]
2024-10-20 19:51:12.837 [info] > git ls-files --stage -- /home/mehmet_cengiz_etl/run_pipeline.py [4ms]
2024-10-20 19:51:20.329 [info] > git config --get commit.template [20ms]
2024-10-20 19:51:20.330 [info] > git for-each-ref --format=%(refname)%00%(upstream:short)%00%(objectname)%00%(upstream:track)%00%(upstream:remotename)%00%(upstream:remoteref) refs/heads/main refs/remotes/main [2ms]
2024-10-20 19:51:20.360 [info] > git status -z -uall [11ms]
2024-10-20 19:52:27.944 [info] > git config --get commit.template [18ms]
2024-10-20 19:52:27.945 [info] > git for-each-ref --format=%(refname)%00%(upstream:short)%00%(objectname)%00%(upstream:track)%00%(upstream:remotename)%00%(upstream:remoteref) refs/heads/main refs/remotes/main [2ms]
2024-10-20 19:52:27.975 [info] > git status -z -uall [12ms]
2024-10-20 19:52:30.704 [info] > git show --textconv :requirements.txt [38ms]
2024-10-20 19:52:30.706 [info] > git ls-files --stage -- /home/mehmet_cengiz_etl/requirements.txt [8ms]
2024-10-20 19:52:30.727 [info] > git cat-file -s fb631a5d23f3e3b5cee9e033a152bfa847caab49 [3ms]
2024-10-20 19:52:33.022 [info] > git config --get commit.template [21ms]
2024-10-20 19:52:33.023 [info] > git for-each-ref --format=%(refname)%00%(upstream:short)%00%(objectname)%00%(upstream:track)%00%(upstream:remotename)%00%(upstream:remoteref) refs/heads/main refs/remotes/main [3ms]
2024-10-20 19:52:33.054 [info] > git status -z -uall [13ms]
2024-10-20 19:52:40.927 [info] > git config --get commit.template [20ms]
2024-10-20 19:52:40.927 [info] > git for-each-ref --format=%(refname)%00%(upstream:short)%00%(objectname)%00%(upstream:track)%00%(upstream:remotename)%00%(upstream:remoteref) refs/heads/main refs/remotes/main [2ms]
2024-10-20 19:52:40.959 [info] > git status -z -uall [12ms]
2024-10-20 19:52:46.014 [info] > git config --get commit.template [23ms]
2024-10-20 19:52:46.015 [info] > git for-each-ref --format=%(refname)%00%(upstream:short)%00%(objectname)%00%(upstream:track)%00%(upstream:remotename)%00%(upstream:remoteref) refs/heads/main refs/remotes/main [2ms]
2024-10-20 19:52:46.048 [info] > git status -z -uall [11ms]
2024-10-20 19:52:51.096 [info] > git config --get commit.template [20ms]
2024-10-20 19:52:51.097 [info] > git for-each-ref --format=%(refname)%00%(upstream:short)%00%(objectname)%00%(upstream:track)%00%(upstream:remotename)%00%(upstream:remoteref) refs/heads/main refs/remotes/main [3ms]
2024-10-20 19:52:51.127 [info] > git status -z -uall [12ms]
2024-10-20 19:52:56.173 [info] > git config --get commit.template [20ms]
2024-10-20 19:52:56.174 [info] > git for-each-ref --format=%(refname)%00%(upstream:short)%00%(objectname)%00%(upstream:track)%00%(upstream:remotename)%00%(upstream:remoteref) refs/heads/main refs/remotes/main [3ms]
2024-10-20 19:52:56.207 [info] > git status -z -uall [11ms]
2024-10-20 19:53:06.414 [info] > git config --get commit.template [19ms]
2024-10-20 19:53:06.415 [info] > git for-each-ref --format=%(refname)%00%(upstream:short)%00%(objectname)%00%(upstream:track)%00%(upstream:remotename)%00%(upstream:remoteref) refs/heads/main refs/remotes/main [3ms]
2024-10-20 19:53:06.451 [info] > git status -z -uall [17ms]
2024-10-20 19:53:34.786 [info] > git config --get commit.template [23ms]
2024-10-20 19:53:34.788 [info] > git for-each-ref --format=%(refname)%00%(upstream:short)%00%(objectname)%00%(upstream:track)%00%(upstream:remotename)%00%(upstream:remoteref) refs/heads/main refs/remotes/main [2ms]
2024-10-20 19:53:34.818 [info] > git status -z -uall [12ms]
2024-10-20 19:53:39.887 [info] > git config --get commit.template [38ms]
2024-10-20 19:53:39.887 [info] > git for-each-ref --format=%(refname)%00%(upstream:short)%00%(objectname)%00%(upstream:track)%00%(upstream:remotename)%00%(upstream:remoteref) refs/heads/main refs/remotes/main [3ms]
2024-10-20 19:53:39.921 [info] > git status -z -uall [16ms]
2024-10-20 19:53:44.953 [info] > git config --get commit.template [5ms]
2024-10-20 19:53:44.978 [info] > git for-each-ref --format=%(refname)%00%(upstream:short)%00%(objectname)%00%(upstream:track)%00%(upstream:remotename)%00%(upstream:remoteref) refs/heads/main refs/remotes/main [5ms]
2024-10-20 19:53:45.040 [info] > git status -z -uall [26ms]
2024-10-20 19:53:50.139 [info] > git config --get commit.template [68ms]
2024-10-20 19:53:50.142 [info] > git for-each-ref --format=%(refname)%00%(upstream:short)%00%(objectname)%00%(upstream:track)%00%(upstream:remotename)%00%(upstream:remoteref) refs/heads/main refs/remotes/main [45ms]
2024-10-20 19:53:50.201 [info] > git status -z -uall [33ms]
2024-10-20 19:53:55.251 [info] > git config --get commit.template [20ms]
2024-10-20 19:53:55.252 [info] > git for-each-ref --format=%(refname)%00%(upstream:short)%00%(objectname)%00%(upstream:track)%00%(upstream:remotename)%00%(upstream:remoteref) refs/heads/main refs/remotes/main [3ms]
2024-10-20 19:53:55.283 [info] > git status -z -uall [11ms]
2024-10-20 19:54:00.516 [info] > git config --get commit.template [21ms]
2024-10-20 19:54:00.518 [info] > git for-each-ref --format=%(refname)%00%(upstream:short)%00%(objectname)%00%(upstream:track)%00%(upstream:remotename)%00%(upstream:remoteref) refs/heads/main refs/remotes/main [3ms]
2024-10-20 19:54:00.549 [info] > git status -z -uall [13ms]
2024-10-20 19:54:05.595 [info] > git config --get commit.template [20ms]
2024-10-20 19:54:05.596 [info] > git for-each-ref --format=%(refname)%00%(upstream:short)%00%(objectname)%00%(upstream:track)%00%(upstream:remotename)%00%(upstream:remoteref) refs/heads/main refs/remotes/main [3ms]
2024-10-20 19:54:05.631 [info] > git status -z -uall [12ms]
2024-10-20 19:54:10.799 [info] > git config --get commit.template [21ms]
2024-10-20 19:54:10.799 [info] > git for-each-ref --format=%(refname)%00%(upstream:short)%00%(objectname)%00%(upstream:track)%00%(upstream:remotename)%00%(upstream:remoteref) refs/heads/main refs/remotes/main [2ms]
2024-10-20 19:54:10.833 [info] > git status -z -uall [12ms]
2024-10-20 19:58:41.037 [info] > git config --get commit.template [20ms]
2024-10-20 19:58:41.038 [info] > git for-each-ref --format=%(refname)%00%(upstream:short)%00%(objectname)%00%(upstream:track)%00%(upstream:remotename)%00%(upstream:remoteref) refs/heads/main refs/remotes/main [3ms]
2024-10-20 19:58:41.068 [info] > git status -z -uall [12ms]
2024-10-20 19:58:44.205 [info] > git show --textconv :Dockerfile [20ms]
2024-10-20 19:58:44.207 [info] > git ls-files --stage -- /home/mehmet_cengiz_etl/Dockerfile [3ms]
2024-10-20 19:58:46.116 [info] > git for-each-ref --format=%(refname)%00%(upstream:short)%00%(objectname)%00%(upstream:track)%00%(upstream:remotename)%00%(upstream:remoteref) refs/heads/main refs/remotes/main [4ms]
2024-10-20 19:58:46.116 [info] > git config --get commit.template [22ms]
2024-10-20 19:58:46.146 [info] > git status -z -uall [12ms]
2024-10-20 19:58:51.190 [info] > git config --get commit.template [20ms]
2024-10-20 19:58:51.191 [info] > git for-each-ref --format=%(refname)%00%(upstream:short)%00%(objectname)%00%(upstream:track)%00%(upstream:remotename)%00%(upstream:remoteref) refs/heads/main refs/remotes/main [3ms]
2024-10-20 19:58:51.221 [info] > git status -z -uall [11ms]
2024-10-20 19:58:56.270 [info] > git config --get commit.template [22ms]
2024-10-20 19:58:56.270 [info] > git for-each-ref --format=%(refname)%00%(upstream:short)%00%(objectname)%00%(upstream:track)%00%(upstream:remotename)%00%(upstream:remoteref) refs/heads/main refs/remotes/main [4ms]
2024-10-20 19:58:56.304 [info] > git status -z -uall [13ms]
2024-10-20 19:59:01.350 [info] > git config --get commit.template [19ms]
2024-10-20 19:59:01.351 [info] > git for-each-ref --format=%(refname)%00%(upstream:short)%00%(objectname)%00%(upstream:track)%00%(upstream:remotename)%00%(upstream:remoteref) refs/heads/main refs/remotes/main [3ms]
2024-10-20 19:59:01.380 [info] > git status -z -uall [12ms]
2024-10-20 19:59:06.427 [info] > git config --get commit.template [21ms]
2024-10-20 19:59:06.429 [info] > git for-each-ref --format=%(refname)%00%(upstream:short)%00%(objectname)%00%(upstream:track)%00%(upstream:remotename)%00%(upstream:remoteref) refs/heads/main refs/remotes/main [3ms]
2024-10-20 19:59:06.459 [info] > git status -z -uall [13ms]
2024-10-20 19:59:11.505 [info] > git config --get commit.template [21ms]
2024-10-20 19:59:11.506 [info] > git for-each-ref --format=%(refname)%00%(upstream:short)%00%(objectname)%00%(upstream:track)%00%(upstream:remotename)%00%(upstream:remoteref) refs/heads/main refs/remotes/main [3ms]
2024-10-20 19:59:11.537 [info] > git status -z -uall [13ms]
2024-10-20 19:59:16.581 [info] > git config --get commit.template [19ms]
2024-10-20 19:59:16.582 [info] > git for-each-ref --format=%(refname)%00%(upstream:short)%00%(objectname)%00%(upstream:track)%00%(upstream:remotename)%00%(upstream:remoteref) refs/heads/main refs/remotes/main [3ms]
2024-10-20 19:59:16.611 [info] > git status -z -uall [12ms]
2024-10-20 19:59:21.663 [info] > git config --get commit.template [22ms]
2024-10-20 19:59:21.663 [info] > git for-each-ref --format=%(refname)%00%(upstream:short)%00%(objectname)%00%(upstream:track)%00%(upstream:remotename)%00%(upstream:remoteref) refs/heads/main refs/remotes/main [2ms]
2024-10-20 19:59:21.695 [info] > git status -z -uall [11ms]
2024-10-20 20:00:30.133 [info] > git config --get commit.template [22ms]
2024-10-20 20:00:30.134 [info] > git for-each-ref --format=%(refname)%00%(upstream:short)%00%(objectname)%00%(upstream:track)%00%(upstream:remotename)%00%(upstream:remoteref) refs/heads/main refs/remotes/main [2ms]
2024-10-20 20:00:30.169 [info] > git status -z -uall [11ms]
2024-10-20 20:00:32.024 [info] > git show --textconv :run_pipeline.py [21ms]
2024-10-20 20:00:32.026 [info] > git ls-files --stage -- /home/mehmet_cengiz_etl/run_pipeline.py [4ms]
2024-10-20 20:00:35.217 [info] > git config --get commit.template [20ms]
2024-10-20 20:00:35.218 [info] > git for-each-ref --format=%(refname)%00%(upstream:short)%00%(objectname)%00%(upstream:track)%00%(upstream:remotename)%00%(upstream:remoteref) refs/heads/main refs/remotes/main [3ms]
2024-10-20 20:00:35.248 [info] > git status -z -uall [11ms]
2024-10-20 20:00:40.278 [info] > git config --get commit.template [2ms]
2024-10-20 20:00:40.301 [info] > git for-each-ref --format=%(refname)%00%(upstream:short)%00%(objectname)%00%(upstream:track)%00%(upstream:remotename)%00%(upstream:remoteref) refs/heads/main refs/remotes/main [2ms]
2024-10-20 20:00:40.336 [info] > git status -z -uall [11ms]
2024-10-20 20:00:45.382 [info] > git config --get commit.template [19ms]
2024-10-20 20:00:45.383 [info] > git for-each-ref --format=%(refname)%00%(upstream:short)%00%(objectname)%00%(upstream:track)%00%(upstream:remotename)%00%(upstream:remoteref) refs/heads/main refs/remotes/main [3ms]
2024-10-20 20:00:45.413 [info] > git status -z -uall [11ms]
2024-10-20 20:07:46.697 [info] > git config --get commit.template [2ms]
2024-10-20 20:07:46.718 [info] No remotes found in the git config file.
2024-10-20 20:07:46.720 [info] > git for-each-ref --format=%(refname)%00%(upstream:short)%00%(objectname)%00%(upstream:track)%00%(upstream:remotename)%00%(upstream:remoteref) refs/heads/main refs/remotes/main [3ms]
2024-10-20 20:07:46.767 [info] > git status -z -uall [24ms]
2024-10-20 20:07:46.777 [info] > git ls-files --stage -- /home/mehmet_cengiz_etl/run_pipeline.py [11ms]
2024-10-20 20:07:47.026 [info] > git show --textconv :run_pipeline.py [3ms]
2024-10-20 20:07:51.817 [info] No remotes found in the git config file.
2024-10-20 20:07:51.818 [info] > git config --get commit.template [20ms]
2024-10-20 20:07:51.819 [info] > git for-each-ref --format=%(refname)%00%(upstream:short)%00%(objectname)%00%(upstream:track)%00%(upstream:remotename)%00%(upstream:remoteref) refs/heads/main refs/remotes/main [3ms]
2024-10-20 20:07:51.848 [info] > git status -z -uall [12ms]
2024-10-20 20:08:08.625 [info] No remotes found in the git config file.
2024-10-20 20:08:08.626 [info] > git config --get commit.template [24ms]
2024-10-20 20:08:08.626 [info] > git for-each-ref --format=%(refname)%00%(upstream:short)%00%(objectname)%00%(upstream:track)%00%(upstream:remotename)%00%(upstream:remoteref) refs/heads/main refs/remotes/main [2ms]
2024-10-20 20:08:08.660 [info] > git status -z -uall [11ms]
2024-10-20 20:08:18.061 [info] > git config --get commit.template [4ms]
2024-10-20 20:08:18.079 [info] No remotes found in the git config file.
2024-10-20 20:08:18.081 [info] > git for-each-ref --format=%(refname)%00%(upstream:short)%00%(objectname)%00%(upstream:track)%00%(upstream:remotename)%00%(upstream:remoteref) refs/heads/main refs/remotes/main [2ms]
2024-10-20 20:08:18.111 [info] > git status -z -uall [12ms]
2024-10-20 20:14:03.771 [info] > git config --get commit.template [21ms]
2024-10-20 20:14:03.773 [info] > git for-each-ref --format=%(refname)%00%(upstream:short)%00%(objectname)%00%(upstream:track)%00%(upstream:remotename)%00%(upstream:remoteref) refs/heads/main refs/remotes/main [4ms]
2024-10-20 20:14:03.816 [info] > git status -z -uall [23ms]
2024-10-20 20:14:03.825 [info] > git ls-files --stage -- /home/mehmet_cengiz_etl/run_pipeline.py [9ms]
2024-10-20 20:14:03.848 [info] > git cat-file -s 4a88fd99730c98eaa95211c6970e7947ba3ceb26 [3ms]
2024-10-20 20:14:04.126 [info] > git show --textconv :run_pipeline.py [4ms]
2024-10-20 20:14:08.868 [info] > git config --get commit.template [22ms]
2024-10-20 20:14:08.870 [info] > git for-each-ref --format=%(refname)%00%(upstream:short)%00%(objectname)%00%(upstream:track)%00%(upstream:remotename)%00%(upstream:remoteref) refs/heads/main refs/remotes/main [3ms]
2024-10-20 20:14:08.900 [info] > git status -z -uall [12ms]
2024-10-20 20:20:24.405 [info] > git config --get commit.template [22ms]
2024-10-20 20:20:24.405 [info] > git for-each-ref --format=%(refname)%00%(upstream:short)%00%(objectname)%00%(upstream:track)%00%(upstream:remotename)%00%(upstream:remoteref) refs/heads/main refs/remotes/main [2ms]
2024-10-20 20:20:24.453 [info] > git status -z -uall [27ms]
2024-10-20 20:20:24.456 [info] > git ls-files --stage -- /home/mehmet_cengiz_etl/run_pipeline.py [4ms]
2024-10-20 20:20:24.480 [info] > git cat-file -s 4a88fd99730c98eaa95211c6970e7947ba3ceb26 [2ms]
2024-10-20 20:20:24.532 [info] > git show --textconv :run_pipeline.py [3ms]
2024-10-20 20:20:27.225 [info] > git show --textconv :Dockerfile [22ms]
2024-10-20 20:20:27.226 [info] > git ls-files --stage -- /home/mehmet_cengiz_etl/Dockerfile [4ms]
2024-10-20 20:20:27.247 [info] > git cat-file -s e8fc30467f0d34d12b39154b2f481907ab68e8b3 [2ms]
2024-10-20 20:20:29.500 [info] > git config --get commit.template [23ms]
2024-10-20 20:20:29.501 [info] > git for-each-ref --format=%(refname)%00%(upstream:short)%00%(objectname)%00%(upstream:track)%00%(upstream:remotename)%00%(upstream:remoteref) refs/heads/main refs/remotes/main [2ms]
2024-10-20 20:20:29.533 [info] > git status -z -uall [11ms]
2024-10-20 20:21:12.843 [info] > git config --get commit.template [23ms]
2024-10-20 20:21:12.844 [info] > git for-each-ref --format=%(refname)%00%(upstream:short)%00%(objectname)%00%(upstream:track)%00%(upstream:remotename)%00%(upstream:remoteref) refs/heads/main refs/remotes/main [2ms]
2024-10-20 20:21:12.876 [info] > git status -z -uall [12ms]
2024-10-20 20:21:22.470 [info] > git config --get commit.template [20ms]
2024-10-20 20:21:22.471 [info] > git for-each-ref --format=%(refname)%00%(upstream:short)%00%(objectname)%00%(upstream:track)%00%(upstream:remotename)%00%(upstream:remoteref) refs/heads/main refs/remotes/main [2ms]
2024-10-20 20:21:22.500 [info] > git status -z -uall [11ms]
2024-10-20 20:21:27.544 [info] > git config --get commit.template [19ms]
2024-10-20 20:21:27.545 [info] > git for-each-ref --format=%(refname)%00%(upstream:short)%00%(objectname)%00%(upstream:track)%00%(upstream:remotename)%00%(upstream:remoteref) refs/heads/main refs/remotes/main [3ms]
2024-10-20 20:21:27.577 [info] > git status -z -uall [11ms]
2024-10-20 20:27:03.580 [info] > git config --get commit.template [22ms]
2024-10-20 20:27:03.596 [info] > git for-each-ref --format=%(refname)%00%(upstream:short)%00%(objectname)%00%(upstream:track)%00%(upstream:remotename)%00%(upstream:remoteref) refs/heads/main refs/remotes/main [18ms]
2024-10-20 20:27:03.627 [info] > git status -z -uall [12ms]
2024-10-20 20:28:04.147 [info] > git config --get commit.template [20ms]
2024-10-20 20:28:04.148 [info] > git for-each-ref --format=%(refname)%00%(upstream:short)%00%(objectname)%00%(upstream:track)%00%(upstream:remotename)%00%(upstream:remoteref) refs/heads/main refs/remotes/main [2ms]
2024-10-20 20:28:04.178 [info] > git status -z -uall [12ms]
2024-10-20 20:28:05.866 [info] > git show --textconv :requirements.txt [21ms]
2024-10-20 20:28:05.867 [info] > git ls-files --stage -- /home/mehmet_cengiz_etl/requirements.txt [3ms]
2024-10-20 20:28:05.888 [info] > git cat-file -s fb631a5d23f3e3b5cee9e033a152bfa847caab49 [3ms]
2024-10-20 20:28:09.220 [info] > git config --get commit.template [20ms]
2024-10-20 20:28:09.221 [info] > git for-each-ref --format=%(refname)%00%(upstream:short)%00%(objectname)%00%(upstream:track)%00%(upstream:remotename)%00%(upstream:remoteref) refs/heads/main refs/remotes/main [2ms]
2024-10-20 20:28:09.253 [info] > git status -z -uall [12ms]
2024-10-20 20:29:10.657 [info] > git config --get commit.template [21ms]
2024-10-20 20:29:10.658 [info] > git for-each-ref --format=%(refname)%00%(upstream:short)%00%(objectname)%00%(upstream:track)%00%(upstream:remotename)%00%(upstream:remoteref) refs/heads/main refs/remotes/main [3ms]
2024-10-20 20:29:10.689 [info] > git status -z -uall [13ms]
2024-10-20 20:29:44.875 [info] > git config --get commit.template [19ms]
2024-10-20 20:29:44.876 [info] > git for-each-ref --format=%(refname)%00%(upstream:short)%00%(objectname)%00%(upstream:track)%00%(upstream:remotename)%00%(upstream:remoteref) refs/heads/main refs/remotes/main [3ms]
2024-10-20 20:29:44.905 [info] > git status -z -uall [11ms]
2024-10-20 20:29:49.949 [info] > git config --get commit.template [22ms]
2024-10-20 20:29:49.950 [info] > git for-each-ref --format=%(refname)%00%(upstream:short)%00%(objectname)%00%(upstream:track)%00%(upstream:remotename)%00%(upstream:remoteref) refs/heads/main refs/remotes/main [3ms]
2024-10-20 20:29:49.979 [info] > git status -z -uall [12ms]
2024-10-20 20:29:55.024 [info] > git config --get commit.template [21ms]
2024-10-20 20:29:55.025 [info] > git for-each-ref --format=%(refname)%00%(upstream:short)%00%(objectname)%00%(upstream:track)%00%(upstream:remotename)%00%(upstream:remoteref) refs/heads/main refs/remotes/main [2ms]
2024-10-20 20:29:55.055 [info] > git status -z -uall [12ms]
2024-10-20 20:30:00.099 [info] > git config --get commit.template [20ms]
2024-10-20 20:30:00.100 [info] > git for-each-ref --format=%(refname)%00%(upstream:short)%00%(objectname)%00%(upstream:track)%00%(upstream:remotename)%00%(upstream:remoteref) refs/heads/main refs/remotes/main [2ms]
2024-10-20 20:30:00.131 [info] > git status -z -uall [12ms]
2024-10-20 20:30:05.161 [info] > git config --get commit.template [1ms]
2024-10-20 20:30:05.185 [info] > git for-each-ref --format=%(refname)%00%(upstream:short)%00%(objectname)%00%(upstream:track)%00%(upstream:remotename)%00%(upstream:remoteref) refs/heads/main refs/remotes/main [2ms]
2024-10-20 20:30:05.218 [info] > git status -z -uall [11ms]
2024-10-20 20:30:10.266 [info] > git config --get commit.template [20ms]
2024-10-20 20:30:10.266 [info] > git for-each-ref --format=%(refname)%00%(upstream:short)%00%(objectname)%00%(upstream:track)%00%(upstream:remotename)%00%(upstream:remoteref) refs/heads/main refs/remotes/main [3ms]
2024-10-20 20:30:10.296 [info] > git status -z -uall [12ms]
2024-10-20 20:30:15.338 [info] > git config --get commit.template [20ms]
2024-10-20 20:30:15.340 [info] > git for-each-ref --format=%(refname)%00%(upstream:short)%00%(objectname)%00%(upstream:track)%00%(upstream:remotename)%00%(upstream:remoteref) refs/heads/main refs/remotes/main [3ms]
2024-10-20 20:30:15.371 [info] > git status -z -uall [11ms]
2024-10-20 20:30:20.419 [info] > git show --textconv :Dockerfile [42ms]
2024-10-20 20:30:20.420 [info] > git ls-files --stage -- /home/mehmet_cengiz_etl/Dockerfile [23ms]
2024-10-20 20:30:20.441 [info] > git config --get commit.template [23ms]
2024-10-20 20:30:20.442 [info] > git cat-file -s e8fc30467f0d34d12b39154b2f481907ab68e8b3 [4ms]
2024-10-20 20:30:20.463 [info] > git for-each-ref --format=%(refname)%00%(upstream:short)%00%(objectname)%00%(upstream:track)%00%(upstream:remotename)%00%(upstream:remoteref) refs/heads/main refs/remotes/main [3ms]
2024-10-20 20:30:20.495 [info] > git status -z -uall [13ms]
