2024-10-20 18:43:04.219 [info] Extension host with pid 2607 started
2024-10-20 18:43:04.219 [error] Error: EEXIST: file already exists, open '/home/mehmet_cengiz_etl/.codeoss/data/User/workspaceStorage/a748d06/vscode.lock'
2024-10-20 18:43:04.238 [info] Lock '/home/mehmet_cengiz_etl/.codeoss/data/User/workspaceStorage/a748d06/vscode.lock': Could not acquire lock, checking if the file is stale.
2024-10-20 18:43:04.239 [info] Lock '/home/mehmet_cengiz_etl/.codeoss/data/User/workspaceStorage/a748d06/vscode.lock': The pid 2589 appears to be gone.
2024-10-20 18:43:04.239 [info] Lock '/home/mehmet_cengiz_etl/.codeoss/data/User/workspaceStorage/a748d06/vscode.lock': Deleting a stale lock.
2024-10-20 18:43:04.248 [info] Lock '/home/mehmet_cengiz_etl/.codeoss/data/User/workspaceStorage/a748d06/vscode.lock': Lock acquired.
2024-10-20 18:43:04.481 [info] ExtensionService#_doActivateExtension vscode.git-base, startup: true, activationEvent: '*', root cause: vscode.git
2024-10-20 18:43:04.495 [info] ExtensionService#_doActivateExtension ms-python.python, startup: true, activationEvent: 'workspaceContains:requirements.txt'
2024-10-20 18:43:04.819 [info] ExtensionService#_doActivateExtension vscode.git, startup: true, activationEvent: '*'
2024-10-20 18:43:04.819 [info] ExtensionService#_doActivateExtension vscode.github, startup: true, activationEvent: '*'
2024-10-20 18:43:05.452 [info] ExtensionService#_doActivateExtension redhat.fabric8-analytics, startup: true, activationEvent: 'workspaceContains:**/package.json,**/pom.xml,**/go.mod,**/requirements.txt'
2024-10-20 18:43:05.792 [info] Eager extensions activated
2024-10-20 18:43:05.793 [info] ExtensionService#_doActivateExtension EditorConfig.EditorConfig, startup: false, activationEvent: 'onStartupFinished'
2024-10-20 18:43:05.793 [info] ExtensionService#_doActivateExtension google.cloud-shell, startup: false, activationEvent: 'onStartupFinished'
2024-10-20 18:43:05.794 [info] ExtensionService#_doActivateExtension googlecloudtools.cloudcode, startup: false, activationEvent: 'onStartupFinished'
2024-10-20 18:43:05.794 [info] ExtensionService#_doActivateExtension vscode.debug-auto-launch, startup: false, activationEvent: 'onStartupFinished'
2024-10-20 18:43:05.795 [info] ExtensionService#_doActivateExtension vscode.merge-conflict, startup: false, activationEvent: 'onStartupFinished'
2024-10-20 18:43:09.126 [info] ExtensionService#_doActivateExtension vscode.json-language-features, startup: false, activationEvent: 'onLanguage:jsonc'
2024-10-20 18:43:09.126 [info] ExtensionService#_doActivateExtension vscode.typescript-language-features, startup: false, activationEvent: 'onLanguage:jsonc'
2024-10-20 18:43:09.127 [info] ExtensionService#_doActivateExtension vscode.emmet, startup: false, activationEvent: 'onLanguage'
